#
# A fatal error has been detected by the Java Runtime Environment:
#
#  EXCEPTION_ACCESS_VIOLATION (0xc0000005) at pc=0x00007ffa0f2c63de, pid=15564, tid=6048
#
# JRE version: Java(TM) SE Runtime Environment (9.0+11) (build 9.0.1+11)
# Java VM: Java HotSpot(TM) 64-Bit Server VM (9.0.1+11, mixed mode, tiered, compressed oops, g1 gc, windows-amd64)
# Problematic frame:
# C  [ig75icd64.dll+0x5a63de]
#
# No core dump will be written. Minidumps are not enabled by default on client versions of Windows
#
# If you would like to submit a bug report, please visit:
#   http://bugreport.java.com/bugreport/crash.jsp
# The crash happened outside the Java Virtual Machine in native code.
# See problematic frame for where to report the bug.
#

---------------  S U M M A R Y ------------

Command Line: -Dfile.encoding=UTF-8 -Xms450m --module-path=C:\lib\lwjgl\lib\lwjgl-assimp.jar;C:\lib\lwjgl\lib\lwjgl-egl.jar;C:\lib\lwjgl\lib\lwjgl-glfw.jar;C:\lib\lwjgl\lib\lwjgl-jawt.jar;C:\lib\lwjgl\lib\lwjgl-jemalloc.jar;C:\lib\lwjgl\lib\lwjgl-nfd.jar;C:\lib\lwjgl\lib\lwjgl-openal.jar;C:\lib\lwjgl\lib\lwjgl-opencl.jar;C:\lib\lwjgl\lib\lwjgl-opengl.jar;C:\lib\lwjgl\lib\lwjgl-openvr.jar;C:\lib\lwjgl\lib\lwjgl-par.jar;C:\lib\lwjgl\lib\lwjgl-remotery.jar;C:\lib\lwjgl\lib\lwjgl-rpmalloc.jar;C:\lib\lwjgl\lib\lwjgl-stb.jar;C:\lib\lwjgl\lib\lwjgl-tootle.jar;C:\lib\lwjgl\lib\lwjgl-vulkan.jar;C:\lib\lwjgl\lib\lwjgl-xxhash.jar;C:\lib\lwjgl\lib\lwjgl.jar;C:\lib\lwjgl\lib\lwjglx-debug-1.0.0.jar;C:\lib\lwjgl\lib\steamworks4j-1.6.2.jar;C:\lib\lwjgl\lib\native\linux\lwjgl-assimp-natives-linux.jar;C:\lib\lwjgl\lib\native\linux\lwjgl-glfw-natives-linux.jar;C:\lib\lwjgl\lib\native\linux\lwjgl-natives-linux.jar;C:\lib\lwjgl\lib\native\linux\lwjgl-nfd-natives-linux.jar;C:\lib\lwjgl\lib\native\linux\lwjgl-nuklear-natives-linux.jar;C:\lib\lwjgl\lib\native\linux\lwjgl-openal-natives-linux.jar;C:\lib\lwjgl\lib\native\linux\lwjgl-sse-natives-linux.jar;C:\lib\lwjgl\lib\native\linux\lwjgl-tinyfd-natives-linux.jar;C:\lib\lwjgl\lib\native\linux\lwjgl-xxhash-natives-linux.jar;C:\lib\lwjgl\lib\native\osx\lwjgl-assimp-natives-macos.jar;C:\lib\lwjgl\lib\native\osx\lwjgl-glfw-natives-macos.jar;C:\lib\lwjgl\lib\native\osx\lwjgl-natives-macos.jar;C:\lib\lwjgl\lib\native\osx\lwjgl-nfd-natives-macos.jar;C:\lib\lwjgl\lib\native\osx\lwjgl-nuklear-natives-macos.jar;C:\lib\lwjgl\lib\native\osx\lwjgl-openal-natives-macos.jar;C:\lib\lwjgl\lib\native\osx\lwjgl-sse-natives-macos.jar;C:\lib\lwjgl\lib\native\osx\lwjgl-stb-natives-macos.jar;C:\lib\lwjgl\lib\native\osx\lwjgl-tinyfd-natives-macos.jar;C:\lib\lwjgl\lib\native\osx\lwjgl-xxhash-natives-macos.jar;C:\lib\lwjgl\lib\native\windows\lwjgl-assimp-natives-windows.jar;C:\lib\lwjgl\lib\native\windows\lwjgl-glfw-natives-windows.jar;C:\lib\lwjgl\lib\native\windows\lwjgl-jemalloc-natives-windows.jar;C:\lib\-Djdk.module.main=WorldEditor WorldEditor/worldeditor.WorldEditor

Host: Intel(R) Core(TM) i5-4300U CPU @ 1.90GHz, 4 cores, 3G,  Windows 10 , 64 bit Build 14393 (10.0.14393.1198)
Time: Wed Dec 06 19:28:12 2017 Eastern Standard Time elapsed time: 121 seconds (0d 0h 2m 1s)

---------------  T H R E A D  ---------------

Current thread (0x000001c5f5c52000):  JavaThread "main" [_thread_in_native, id=6048, stack(0x0000004699800000,0x0000004699900000)]

Stack: [0x0000004699800000,0x0000004699900000],  sp=0x00000046998fde80,  free space=1015k
Native frames: (J=compiled Java code, j=interpreted, Vv=VM code, C=native code)
C  [ig75icd64.dll+0x5a63de]
C  [ig75icd64.dll+0x5a2c8c]
C  [ig75icd64.dll+0x4a12ac]
C  [ig75icd64.dll+0x4a495f]
C  [ig75icd64.dll+0x2f4cf9]
C  [ig75icd64.dll+0x2f5242]
C  [ig75icd64.dll+0x988da]
C  [ig75icd64.dll+0x986e9]
C  [ig75icd64.dll+0xa0f6f]
C  [lwjgl_opengl.dll+0x117fb]
C  0x000001c58a66921c

Java frames: (J=compiled Java code, j=interpreted, Vv=VM code)
j  org.lwjgl.opengl.GL12.nglTexSubImage3D(IIIIIIIIIIJ)V+0 org.lwjgl.opengl
j  org.lwjgl.opengl.GL12.glTexSubImage3D(IIIIIIIIIILjava/nio/ByteBuffer;)V+21 org.lwjgl.opengl
j  com.opengg.core.render.texture.NativeGLTexture.setSubImageData(IIIIIIIIIILjava/nio/ByteBuffer;)V+19 com.opengg.core
j  com.opengg.core.render.texture.Texture.set3DSubData(III[Lcom/opengg/core/render/texture/TextureData;)V+150 com.opengg.core
j  com.opengg.core.render.texture.Texture.getArrayTexture([Lcom/opengg/core/render/texture/TextureData;)Lcom/opengg/core/render/texture/Texture;+42 com.opengg.core
j  com.opengg.core.world.components.viewmodel.TerrainComponentViewModel.onChange(Lcom/opengg/core/world/components/viewmodel/Element;)V+118 com.opengg.core
j  com.opengg.core.world.components.viewmodel.ViewModel.onChangeLocal(Lcom/opengg/core/world/components/viewmodel/Element;)V+361 com.opengg.core
j  com.opengg.core.world.components.viewmodel.ViewModel.fireEvent(Lcom/opengg/core/world/components/viewmodel/Element;)V+2 com.opengg.core
j  worldeditor.GGElement.lambda$fireEvent$6(Lcom/opengg/core/world/components/viewmodel/Element;)V+8 WorldEditor
j  worldeditor.GGElement$$Lambda$127.execute()V+8 WorldEditor
J 2702 c2 com.opengg.core.engine.OpenGG.processExecutables(F)V com.opengg.core (192 bytes) @ 0x000001c592264bdc [0x000001c592263c20+0x0000000000000fbc]
j  com.opengg.core.engine.OpenGG.run()V+25 com.opengg.core
j  com.opengg.core.engine.OpenGG.initializeLocal(Lcom/opengg/core/engine/GGApplication;Lcom/opengg/core/render/window/WindowInfo;Z)V+157 com.opengg.core
j  com.opengg.core.engine.OpenGG.initialize(Lcom/opengg/core/engine/GGApplication;Lcom/opengg/core/render/window/WindowInfo;)V+21 com.opengg.core
j  worldeditor.WorldEditor.main([Ljava/lang/String;)V+95 WorldEditor
v  ~StubRoutines::call_stub

siginfo: EXCEPTION_ACCESS_VIOLATION (0xc0000005), reading address 0x000001c64ff76000


Register to memory mapping:

RIP=0x00007ffa0f2c63de ig75icd64.dll
RAX=0x000000000000fa00 is an unknown value
RBX=0x0000000000000800 is an unknown value
RCX=0x0000000000001800 is an unknown value
RDX=0x0000000000001800 is an unknown value
RSP=0x00000046998fde80 is pointing into the stack for thread: 0x000001c5f5c52000
RBP=0x00000046998fdf80 is pointing into the stack for thread: 0x000001c5f5c52000
RSI=0x00000046998fe080 is pointing into the stack for thread: 0x000001c5f5c52000
RDI=0x000001c64ff74040 is an unknown value
R8 =0x000001c64f9af940 is an unknown value
R9 =0x000001c64ff74840 is an unknown value
R10=
[error occurred during error reporting (printing register info), id 0xc0000005]

Registers:
RAX=0x000000000000fa00, RBX=0x0000000000000800, RCX=0x0000000000001800, RDX=0x0000000000001800
RSP=0x00000046998fde80, RBP=0x00000046998fdf80, RSI=0x00000046998fe080, RDI=0x000001c64ff74040
R8 =0x000001c64f9af940, R9 =0x000001c64ff74840, R10=0x00000000fffffe08, R11=0x000001c64ff74040
R12=0x000000000000003f, R13=0x000000000000003f, R14=0x000001c64ff74810, R15=0x000001c64f9a0140
RIP=0x00007ffa0f2c63de, EFLAGS=0x0000000000010202

Top of Stack: (sp=0x00000046998fde80)
0x00000046998fde80:   0000000000000010 000001c60000000c
0x00000046998fde90:   0000000000000010 000001c59b1c5170
0x00000046998fdea0:   000001c500000000 0000000000000000
0x00000046998fdeb0:   0000021000000000 0000080000000014
0x00000046998fdec0:   0000000400000010 0000000000000000
0x00000046998fded0:   00000046998fe080 0000014000000030
0x00000046998fdee0:   0000000000000800 00000046998fe010
0x00000046998fdef0:   000001c500000004 000001c64ff72040
0x00000046998fdf00:   0000003f00000001 0000000000010000
0x00000046998fdf10:   0000000000010010 000001c5fda6bec0
0x00000046998fdf20:   000001c5fd6aee10 000001c64f9a0000
0x00000046998fdf30:   fffffe0f000003ff 00007ffafffffe0e
0x00000046998fdf40:   00000000fffffe0c 000001c59b211260
0x00000046998fdf50:   000001c5fffffe08 0000000000000001
0x00000046998fdf60:   00007ffa0f7cac88 00000046998fe0d0
0x00000046998fdf70:   000001c5fffffe00 00007ffa0f2cd430 

Instructions: (pc=0x00007ffa0f2c63de)
0x00007ffa0f2c63be:   33 c3 48 63 5e 08 8d 0c 1b 48 63 d1 8d 0c 5b f3
0x00007ffa0f2c63ce:   42 0f 6f 54 33 f0 f3 42 0f 6f 4c 32 f0 48 63 d1
0x00007ffa0f2c63de:   f3 42 0f 6f 44 32 f0 66 41 0f e7 18 66 41 0f e7
0x00007ffa0f2c63ee:   50 10 66 41 0f e7 48 20 66 41 0f e7 40 30 4d 3b 



---------------  P R O C E S S  ---------------

Java Threads: ( => current thread )
  0x000001c59a794800 JavaThread "Java2D Disposer" daemon [_thread_blocked, id=10256, stack(0x000000469be00000,0x000000469bf00000)]
  0x000001c5fd482000 JavaThread "consolethread" [_thread_blocked, id=14484, stack(0x000000469b400000,0x000000469b500000)]
  0x000001c5fd8ae800 JavaThread "UI Thread" [_thread_in_native, id=14140, stack(0x000000469b000000,0x000000469b100000)]
  0x000001c5fd903800 JavaThread "Service Thread" daemon [_thread_blocked, id=14696, stack(0x000000469ae00000,0x000000469af00000)]
  0x000001c5fd36a800 JavaThread "Common-Cleaner" daemon [_thread_blocked, id=13844, stack(0x000000469ad00000,0x000000469ae00000)]
  0x000001c5fd340800 JavaThread "Sweeper thread" daemon [_thread_blocked, id=14784, stack(0x000000469ac00000,0x000000469ad00000)]
  0x000001c5fc9de800 JavaThread "C1 CompilerThread2" daemon [_thread_blocked, id=14764, stack(0x000000469ab00000,0x000000469ac00000)]
  0x000001c5fc9d8000 JavaThread "C2 CompilerThread1" daemon [_thread_blocked, id=14792, stack(0x000000469aa00000,0x000000469ab00000)]
  0x000001c5fc9ca800 JavaThread "C2 CompilerThread0" daemon [_thread_blocked, id=14748, stack(0x000000469a900000,0x000000469aa00000)]
  0x000001c5fc9c9800 JavaThread "Attach Listener" daemon [_thread_blocked, id=14820, stack(0x000000469a800000,0x000000469a900000)]
  0x000001c5fc9c8800 JavaThread "Signal Dispatcher" daemon [_thread_blocked, id=14756, stack(0x000000469a700000,0x000000469a800000)]
  0x000001c5fc9b7000 JavaThread "Finalizer" daemon [_thread_blocked, id=14816, stack(0x000000469a600000,0x000000469a700000)]
  0x000001c5fc9b3000 JavaThread "Reference Handler" daemon [_thread_blocked, id=14752, stack(0x000000469a500000,0x000000469a600000)]
=>0x000001c5f5c52000 JavaThread "main" [_thread_in_native, id=6048, stack(0x0000004699800000,0x0000004699900000)]

Other Threads:
  0x000001c5fc9af800 VMThread "VM Thread" [stack: 0x000000469a400000,0x000000469a500000] [id=14760]
  0x000001c5fd9af000 WatcherThread [stack: 0x000000469af00000,0x000000469b000000] [id=14788]
  0x000001c5f5c6c000 GCTaskThread "GC Thread#0" [stack: 0x0000004699900000,0x0000004699a00000] [id=1676]
  0x000001c5f5c6d000 GCTaskThread "GC Thread#1" [stack: 0x0000004699a00000,0x0000004699b00000] [id=5800]
  0x000001c5f5c6f000 GCTaskThread "GC Thread#2" [stack: 0x0000004699b00000,0x0000004699c00000] [id=5968]
  0x000001c5f5c72000 GCTaskThread "GC Thread#3" [stack: 0x0000004699c00000,0x0000004699d00000] [id=15572]
  0x000001c5f5cb8800 ConcurrentGCThread "G1 Main Marker" [stack: 0x000000469a200000,0x000000469a300000] [id=14796]
  0x000001c5f5cb9800 ConcurrentGCThread "G1 Marker#0" [stack: 0x000000469a300000,0x000000469a400000] [id=11716]
  0x000001c5f5c7d000 ConcurrentGCThread "G1 Refine#0" [stack: 0x000000469a000000,0x000000469a100000] [id=15548]
  0x000001c5f5c7a000 ConcurrentGCThread "G1 Refine#1" [stack: 0x0000004699f00000,0x000000469a000000] [id=10576]
  0x000001c5f5c75800 ConcurrentGCThread "G1 Refine#2" [stack: 0x0000004699e00000,0x0000004699f00000] [id=13744]
  0x000001c5f5c73800 ConcurrentGCThread "G1 Refine#3" [stack: 0x0000004699d00000,0x0000004699e00000] [id=4896]
  0x000001c5f5c7e000 ConcurrentGCThread "G1 Young RemSet Sampling" [stack: 0x000000469a100000,0x000000469a200000] [id=12280]

Threads with active compile tasks:

VM state:not at safepoint (normal execution)

VM Mutex/Monitor currently owned by a thread: None

Heap address: 0x00000000c1600000, size: 1002 MB, Compressed Oops mode: 32-bit
Narrow klass base: 0x0000000000000000, Narrow klass shift: 3
Compressed class space size: 1073741824 Address: 0x0000000100000000

Heap:
 garbage-first heap   total 460800K, used 29799K [0x00000000c1600000, 0x00000000c1700e10, 0x0000000100000000)
  region size 1024K, 25 young (25600K), 3 survivors (3072K)
 Metaspace       used 19197K, capacity 20855K, committed 20992K, reserved 1069056K
  class space    used 1736K, capacity 2027K, committed 2048K, reserved 1048576K
Heap Regions: E=young(eden), S=young(survivor), O=old, HS=humongous(starts), HC=humongous(continues), CS=collection set, F=free, A=archive, TS=gc time stamp, AC=allocation context, TAMS=top-at-mark-start (previous, next)
|   0|0x00000000c1600000, 0x00000000c1700000, 0x00000000c1700000|100%| O|  |TS  3|AC  0|TAMS 0x00000000c1600000, 0x00000000c1600000|
|   1|0x00000000c1700000, 0x00000000c1800000, 0x00000000c1800000|100%| O|  |TS  3|AC  0|TAMS 0x00000000c1700000, 0x00000000c1700000|
|   2|0x00000000c1800000, 0x00000000c1900000, 0x00000000c1900000|100%| O|  |TS  3|AC  0|TAMS 0x00000000c1800000, 0x00000000c1800000|
|   3|0x00000000c1900000, 0x00000000c1a00000, 0x00000000c1a00000|100%| O|  |TS  5|AC  0|TAMS 0x00000000c1900000, 0x00000000c1900000|
|   4|0x00000000c1a00000, 0x00000000c1a00000, 0x00000000c1b00000|  0%| F|  |TS  5|AC  0|TAMS 0x00000000c1a00000, 0x00000000c1a00000|
|   5|0x00000000c1b00000, 0x00000000c1c00000, 0x00000000c1c00000|100%| O|  |TS  5|AC  0|TAMS 0x00000000c1b00000, 0x00000000c1b00000|
|   6|0x00000000c1c00000, 0x00000000c1c9bc00, 0x00000000c1d00000| 60%| O|  |TS  5|AC  0|TAMS 0x00000000c1c00000, 0x00000000c1c00000|
|   7|0x00000000c1d00000, 0x00000000c1d00000, 0x00000000c1e00000|  0%| F|  |TS  0|AC  0|TAMS 0x00000000c1d00000, 0x00000000c1d00000|
|   8|0x00000000c1e00000, 0x00000000c1e00000, 0x00000000c1f00000|  0%| F|  |TS  0|AC  0|TAMS 0x00000000c1e00000, 0x00000000c1e00000|
|   9|0x00000000c1f00000, 0x00000000c1f00000, 0x00000000c2000000|  0%| F|  |TS  0|AC  0|TAMS 0x00000000c1f00000, 0x00000000c1f00000|
|  10|0x00000000c2000000, 0x00000000c2000000, 0x00000000c2100000|  0%| F|  |TS  0|AC  0|TAMS 0x00000000c2000000, 0x00000000c2000000|
|  11|0x00000000c2100000, 0x00000000c2100000, 0x00000000c2200000|  0%| F|  |TS  0|AC  0|TAMS 0x00000000c2100000, 0x00000000c2100000|
|  12|0x00000000c2200000, 0x00000000c2200000, 0x00000000c2300000|  0%| F|  |TS  0|AC  0|TAMS 0x00000000c2200000, 0x00000000c2200000|
|  13|0x00000000c2300000, 0x00000000c2300000, 0x00000000c2400000|  0%| F|  |TS  0|AC  0|TAMS 0x00000000c2300000, 0x00000000c2300000|
|  14|0x00000000c2400000, 0x00000000c2400000, 0x00000000c2500000|  0%| F|  |TS  0|AC  0|TAMS 0x00000000c2400000, 0x00000000c2400000|
|  15|0x00000000c2500000, 0x00000000c2500000, 0x00000000c2600000|  0%| F|  |TS  0|AC  0|TAMS 0x00000000c2500000, 0x00000000c2500000|
|  16|0x00000000c2600000, 0x00000000c2600000, 0x00000000c2700000|  0%| F|  |TS  0|AC  0|TAMS 0x00000000c2600000, 0x00000000c2600000|
|  17|0x00000000c2700000, 0x00000000c2700000, 0x00000000c2800000|  0%| F|  |TS  0|AC  0|TAMS 0x00000000c2700000, 0x00000000c2700000|
|  18|0x00000000c2800000, 0x00000000c2800000, 0x00000000c2900000|  0%| F|  |TS  0|AC  0|TAMS 0x00000000c2800000, 0x00000000c2800000|
|  19|0x00000000c2900000, 0x00000000c2900000, 0x00000000c2a00000|  0%| F|  |TS  0|AC  0|TAMS 0x00000000c2900000, 0x00000000c2900000|
|  20|0x00000000c2a00000, 0x00000000c2a00000, 0x00000000c2b00000|  0%| F|  |TS  0|AC  0|TAMS 0x00000000c2a00000, 0x00000000c2a00000|
|  21|0x00000000c2b00000, 0x00000000c2b00000, 0x00000000c2c00000|  0%| F|  |TS  0|AC  0|TAMS 0x00000000c2b00000, 0x00000000c2b00000|
|  22|0x00000000c2c00000, 0x00000000c2c00000, 0x00000000c2d00000|  0%| F|  |TS  0|AC  0|TAMS 0x00000000c2c00000, 0x00000000c2c00000|
|  23|0x00000000c2d00000, 0x00000000c2d00000, 0x00000000c2e00000|  0%| F|  |TS  0|AC  0|TAMS 0x00000000c2d00000, 0x00000000c2d00000|
|  24|0x00000000c2e00000, 0x00000000c2e00000, 0x00000000c2f00000|  0%| F|  |TS  0|AC  0|TAMS 0x00000000c2e00000, 0x00000000c2e00000|
|  25|0x00000000c2f00000, 0x00000000c2f00000, 0x00000000c3000000|  0%| F|  |TS  0|AC  0|TAMS 0x00000000c2f00000, 0x00000000c2f00000|
|  26|0x00000000c3000000, 0x00000000c3000000, 0x00000000c3100000|  0%| F|  |TS  0|AC  0|TAMS 0x00000000c3000000, 0x00000000c3000000|
|  27|0x00000000c3100000, 0x00000000c3100000, 0x00000000c3200000|  0%| F|  |TS  0|AC  0|TAMS 0x00000000c3100000, 0x00000000c3100000|
|  28|0x00000000c3200000, 0x00000000c3200000, 0x00000000c3300000|  0%| F|  |TS  0|AC  0|TAMS 0x00000000c3200000, 0x00000000c3200000|
|  29|0x00000000c3300000, 0x00000000c3300000, 0x00000000c3400000|  0%| F|  |TS  0|AC  0|TAMS 0x00000000c3300000, 0x00000000c3300000|
|  30|0x00000000c3400000, 0x00000000c3400000, 0x00000000c3500000|  0%| F|  |TS  0|AC  0|TAMS 0x00000000c3400000, 0x00000000c3400000|
|  31|0x00000000c3500000, 0x00000000c3500000, 0x00000000c3600000|  0%| F|  |TS  0|AC  0|TAMS 0x00000000c3500000, 0x00000000c3500000|
|  32|0x00000000c3600000, 0x00000000c3600000, 0x00000000c3700000|  0%| F|  |TS  0|AC  0|TAMS 0x00000000c3600000, 0x00000000c3600000|
|  33|0x00000000c3700000, 0x00000000c3700000, 0x00000000c3800000|  0%| F|  |TS  0|AC  0|TAMS 0x00000000c3700000, 0x00000000c3700000|
|  34|0x00000000c3800000, 0x00000000c3800000, 0x00000000c3900000|  0%| F|  |TS  0|AC  0|TAMS 0x00000000c3800000, 0x00000000c3800000|
|  35|0x00000000c3900000, 0x00000000c3900000, 0x00000000c3a00000|  0%| F|  |TS  0|AC  0|TAMS 0x00000000c3900000, 0x00000000c3900000|
|  36|0x00000000c3a00000, 0x00000000c3a00000, 0x00000000c3b00000|  0%| F|  |TS  0|AC  0|TAMS 0x00000000c3a00000, 0x00000000c3a00000|
|  37|0x00000000c3b00000, 0x00000000c3b00000, 0x00000000c3c00000|  0%| F|  |TS  0|AC  0|TAMS 0x00000000c3b00000, 0x00000000c3b00000|
|  38|0x00000000c3c00000, 0x00000000c3c00000, 0x00000000c3d00000|  0%| F|  |TS  0|AC  0|TAMS 0x00000000c3c00000, 0x00000000c3c00000|
|  39|0x00000000c3d00000, 0x00000000c3d00000, 0x00000000c3e00000|  0%| F|  |TS  0|AC  0|TAMS 0x00000000c3d00000, 0x00000000c3d00000|
|  40|0x00000000c3e00000, 0x00000000c3e00000, 0x00000000c3f00000|  0%| F|  |TS  0|AC  0|TAMS 0x00000000c3e00000, 0x00000000c3e00000|
|  41|0x00000000c3f00000, 0x00000000c3f00000, 0x00000000c4000000|  0%| F|  |TS  0|AC  0|TAMS 0x00000000c3f00000, 0x00000000c3f00000|
|  42|0x00000000c4000000, 0x00000000c4000000, 0x00000000c4100000|  0%| F|  |TS  0|AC  0|TAMS 0x00000000c4000000, 0x00000000c4000000|
|  43|0x00000000c4100000, 0x00000000c4100000, 0x00000000c4200000|  0%| F|  |TS  0|AC  0|TAMS 0x00000000c4100000, 0x00000000c4100000|
|  44|0x00000000c4200000, 0x00000000c4200000, 0x00000000c4300000|  0%| F|  |TS  0|AC  0|TAMS 0x00000000c4200000, 0x00000000c4200000|
|  45|0x00000000c4300000, 0x00000000c4300000, 0x00000000c4400000|  0%| F|  |TS  0|AC  0|TAMS 0x00000000c4300000, 0x00000000c4300000|
|  46|0x00000000c4400000, 0x00000000c4400000, 0x00000000c4500000|  0%| F|  |TS  0|AC  0|TAMS 0x00000000c4400000, 0x00000000c4400000|
|  47|0x00000000c4500000, 0x00000000c4500000, 0x00000000c4600000|  0%| F|  |TS  0|AC  0|TAMS 0x00000000c4500000, 0x00000000c4500000|
|  48|0x00000000c4600000, 0x00000000c4600000, 0x00000000c4700000|  0%| F|  |TS  0|AC  0|TAMS 0x00000000c4600000, 0x00000000c4600000|
|  49|0x00000000c4700000, 0x00000000c4700000, 0x00000000c4800000|  0%| F|  |TS  0|AC  0|TAMS 0x00000000c4700000, 0x00000000c4700000|
|  50|0x00000000c4800000, 0x00000000c4800000, 0x00000000c4900000|  0%| F|  |TS  0|AC  0|TAMS 0x00000000c4800000, 0x00000000c4800000|
|  51|0x00000000c4900000, 0x00000000c4900000, 0x00000000c4a00000|  0%| F|  |TS  0|AC  0|TAMS 0x00000000c4900000, 0x00000000c4900000|
|  52|0x00000000c4a00000, 0x00000000c4a00000, 0x00000000c4b00000|  0%| F|  |TS  0|AC  0|TAMS 0x00000000c4a00000, 0x00000000c4a00000|
|  53|0x00000000c4b00000, 0x00000000c4b00000, 0x00000000c4c00000|  0%| F|  |TS  0|AC  0|TAMS 0x00000000c4b00000, 0x00000000c4b00000|
|  54|0x00000000c4c00000, 0x00000000c4c00000, 0x00000000c4d00000|  0%| F|  |TS  0|AC  0|TAMS 0x00000000c4c00000, 0x00000000c4c00000|
|  55|0x00000000c4d00000, 0x00000000c4d00000, 0x00000000c4e00000|  0%| F|  |TS  0|AC  0|TAMS 0x00000000c4d00000, 0x00000000c4d00000|
|  56|0x00000000c4e00000, 0x00000000c4e00000, 0x00000000c4f00000|  0%| F|  |TS  0|AC  0|TAMS 0x00000000c4e00000, 0x00000000c4e00000|
|  57|0x00000000c4f00000, 0x00000000c4f00000, 0x00000000c5000000|  0%| F|  |TS  0|AC  0|TAMS 0x00000000c4f00000, 0x00000000c4f00000|
|  58|0x00000000c5000000, 0x00000000c5000000, 0x00000000c5100000|  0%| F|  |TS  0|AC  0|TAMS 0x00000000c5000000, 0x00000000c5000000|
|  59|0x00000000c5100000, 0x00000000c5100000, 0x00000000c5200000|  0%| F|  |TS  0|AC  0|TAMS 0x00000000c5100000, 0x00000000c5100000|
|  60|0x00000000c5200000, 0x00000000c5200000, 0x00000000c5300000|  0%| F|  |TS  0|AC  0|TAMS 0x00000000c5200000, 0x00000000c5200000|
|  61|0x00000000c5300000, 0x00000000c5300000, 0x00000000c5400000|  0%| F|  |TS  0|AC  0|TAMS 0x00000000c5300000, 0x00000000c5300000|
|  62|0x00000000c5400000, 0x00000000c5400000, 0x00000000c5500000|  0%| F|  |TS  0|AC  0|TAMS 0x00000000c5400000, 0x00000000c5400000|
|  63|0x00000000c5500000, 0x00000000c5500000, 0x00000000c5600000|  0%| F|  |TS  0|AC  0|TAMS 0x00000000c5500000, 0x00000000c5500000|
|  64|0x00000000c5600000, 0x00000000c5600000, 0x00000000c5700000|  0%| F|  |TS  0|AC  0|TAMS 0x00000000c5600000, 0x00000000c5600000|
|  65|0x00000000c5700000, 0x00000000c5700000, 0x00000000c5800000|  0%| F|  |TS  0|AC  0|TAMS 0x00000000c5700000, 0x00000000c5700000|
|  66|0x00000000c5800000, 0x00000000c5800000, 0x00000000c5900000|  0%| F|  |TS  0|AC  0|TAMS 0x00000000c5800000, 0x00000000c5800000|
|  67|0x00000000c5900000, 0x00000000c5900000, 0x00000000c5a00000|  0%| F|  |TS  0|AC  0|TAMS 0x00000000c5900000, 0x00000000c5900000|
|  68|0x00000000c5a00000, 0x00000000c5a00000, 0x00000000c5b00000|  0%| F|  |TS  0|AC  0|TAMS 0x00000000c5a00000, 0x00000000c5a00000|
|  69|0x00000000c5b00000, 0x00000000c5b00000, 0x00000000c5c00000|  0%| F|  |TS  0|AC  0|TAMS 0x00000000c5b00000, 0x00000000c5b00000|
|  70|0x00000000c5c00000, 0x00000000c5c00000, 0x00000000c5d00000|  0%| F|  |TS  0|AC  0|TAMS 0x00000000c5c00000, 0x00000000c5c00000|
|  71|0x00000000c5d00000, 0x00000000c5d00000, 0x00000000c5e00000|  0%| F|  |TS  0|AC  0|TAMS 0x00000000c5d00000, 0x00000000c5d00000|
|  72|0x00000000c5e00000, 0x00000000c5e00000, 0x00000000c5f00000|  0%| F|  |TS  0|AC  0|TAMS 0x00000000c5e00000, 0x00000000c5e00000|
|  73|0x00000000c5f00000, 0x00000000c5f00000, 0x00000000c6000000|  0%| F|  |TS  0|AC  0|TAMS 0x00000000c5f00000, 0x00000000c5f00000|
|  74|0x00000000c6000000, 0x00000000c6000000, 0x00000000c6100000|  0%| F|  |TS  0|AC  0|TAMS 0x00000000c6000000, 0x00000000c6000000|
|  75|0x00000000c6100000, 0x00000000c6100000, 0x00000000c6200000|  0%| F|  |TS  0|AC  0|TAMS 0x00000000c6100000, 0x00000000c6100000|
|  76|0x00000000c6200000, 0x00000000c6200000, 0x00000000c6300000|  0%| F|  |TS  0|AC  0|TAMS 0x00000000c6200000, 0x00000000c6200000|
|  77|0x00000000c6300000, 0x00000000c6300000, 0x00000000c6400000|  0%| F|  |TS  0|AC  0|TAMS 0x00000000c6300000, 0x00000000c6300000|
|  78|0x00000000c6400000, 0x00000000c6400000, 0x00000000c6500000|  0%| F|  |TS  0|AC  0|TAMS 0x00000000c6400000, 0x00000000c6400000|
|  79|0x00000000c6500000, 0x00000000c6500000, 0x00000000c6600000|  0%| F|  |TS  0|AC  0|TAMS 0x00000000c6500000, 0x00000000c6500000|
|  80|0x00000000c6600000, 0x00000000c6600000, 0x00000000c6700000|  0%| F|  |TS  0|AC  0|TAMS 0x00000000c6600000, 0x00000000c6600000|
|  81|0x00000000c6700000, 0x00000000c6700000, 0x00000000c6800000|  0%| F|  |TS  0|AC  0|TAMS 0x00000000c6700000, 0x00000000c6700000|
|  82|0x00000000c6800000, 0x00000000c6800000, 0x00000000c6900000|  0%| F|  |TS  0|AC  0|TAMS 0x00000000c6800000, 0x00000000c6800000|
|  83|0x00000000c6900000, 0x00000000c6900000, 0x00000000c6a00000|  0%| F|  |TS  0|AC  0|TAMS 0x00000000c6900000, 0x00000000c6900000|
|  84|0x00000000c6a00000, 0x00000000c6a00000, 0x00000000c6b00000|  0%| F|  |TS  0|AC  0|TAMS 0x00000000c6a00000, 0x00000000c6a00000|
|  85|0x00000000c6b00000, 0x00000000c6b00000, 0x00000000c6c00000|  0%| F|  |TS  0|AC  0|TAMS 0x00000000c6b00000, 0x00000000c6b00000|
|  86|0x00000000c6c00000, 0x00000000c6c00000, 0x00000000c6d00000|  0%| F|  |TS  0|AC  0|TAMS 0x00000000c6c00000, 0x00000000c6c00000|
|  87|0x00000000c6d00000, 0x00000000c6d00000, 0x00000000c6e00000|  0%| F|  |TS  0|AC  0|TAMS 0x00000000c6d00000, 0x00000000c6d00000|
|  88|0x00000000c6e00000, 0x00000000c6e00000, 0x00000000c6f00000|  0%| F|  |TS  0|AC  0|TAMS 0x00000000c6e00000, 0x00000000c6e00000|
|  89|0x00000000c6f00000, 0x00000000c6f00000, 0x00000000c7000000|  0%| F|  |TS  0|AC  0|TAMS 0x00000000c6f00000, 0x00000000c6f00000|
|  90|0x00000000c7000000, 0x00000000c7000000, 0x00000000c7100000|  0%| F|  |TS  0|AC  0|TAMS 0x00000000c7000000, 0x00000000c7000000|
|  91|0x00000000c7100000, 0x00000000c7100000, 0x00000000c7200000|  0%| F|  |TS  0|AC  0|TAMS 0x00000000c7100000, 0x00000000c7100000|
|  92|0x00000000c7200000, 0x00000000c7200000, 0x00000000c7300000|  0%| F|  |TS  0|AC  0|TAMS 0x00000000c7200000, 0x00000000c7200000|
|  93|0x00000000c7300000, 0x00000000c7300000, 0x00000000c7400000|  0%| F|  |TS  0|AC  0|TAMS 0x00000000c7300000, 0x00000000c7300000|
|  94|0x00000000c7400000, 0x00000000c7400000, 0x00000000c7500000|  0%| F|  |TS  0|AC  0|TAMS 0x00000000c7400000, 0x00000000c7400000|
|  95|0x00000000c7500000, 0x00000000c7500000, 0x00000000c7600000|  0%| F|  |TS  0|AC  0|TAMS 0x00000000c7500000, 0x00000000c7500000|
|  96|0x00000000c7600000, 0x00000000c7600000, 0x00000000c7700000|  0%| F|  |TS  0|AC  0|TAMS 0x00000000c7600000, 0x00000000c7600000|
|  97|0x00000000c7700000, 0x00000000c7700000, 0x00000000c7800000|  0%| F|  |TS  0|AC  0|TAMS 0x00000000c7700000, 0x00000000c7700000|
|  98|0x00000000c7800000, 0x00000000c7800000, 0x00000000c7900000|  0%| F|  |TS  0|AC  0|TAMS 0x00000000c7800000, 0x00000000c7800000|
|  99|0x00000000c7900000, 0x00000000c7900000, 0x00000000c7a00000|  0%| F|  |TS  0|AC  0|TAMS 0x00000000c7900000, 0x00000000c7900000|
| 100|0x00000000c7a00000, 0x00000000c7a00000, 0x00000000c7b00000|  0%| F|  |TS  0|AC  0|TAMS 0x00000000c7a00000, 0x00000000c7a00000|
| 101|0x00000000c7b00000, 0x00000000c7b00000, 0x00000000c7c00000|  0%| F|  |TS  0|AC  0|TAMS 0x00000000c7b00000, 0x00000000c7b00000|
| 102|0x00000000c7c00000, 0x00000000c7c00000, 0x00000000c7d00000|  0%| F|  |TS  0|AC  0|TAMS 0x00000000c7c00000, 0x00000000c7c00000|
| 103|0x00000000c7d00000, 0x00000000c7d00000, 0x00000000c7e00000|  0%| F|  |TS  0|AC  0|TAMS 0x00000000c7d00000, 0x00000000c7d00000|
| 104|0x00000000c7e00000, 0x00000000c7e00000, 0x00000000c7f00000|  0%| F|  |TS  0|AC  0|TAMS 0x00000000c7e00000, 0x00000000c7e00000|
| 105|0x00000000c7f00000, 0x00000000c7f00000, 0x00000000c8000000|  0%| F|  |TS  0|AC  0|TAMS 0x00000000c7f00000, 0x00000000c7f00000|
| 106|0x00000000c8000000, 0x00000000c8000000, 0x00000000c8100000|  0%| F|  |TS  0|AC  0|TAMS 0x00000000c8000000, 0x00000000c8000000|
| 107|0x00000000c8100000, 0x00000000c8100000, 0x00000000c8200000|  0%| F|  |TS  0|AC  0|TAMS 0x00000000c8100000, 0x00000000c8100000|
| 108|0x00000000c8200000, 0x00000000c8200000, 0x00000000c8300000|  0%| F|  |TS  0|AC  0|TAMS 0x00000000c8200000, 0x00000000c8200000|
| 109|0x00000000c8300000, 0x00000000c8300000, 0x00000000c8400000|  0%| F|  |TS  0|AC  0|TAMS 0x00000000c8300000, 0x00000000c8300000|
| 110|0x00000000c8400000, 0x00000000c8400000, 0x00000000c8500000|  0%| F|  |TS  0|AC  0|TAMS 0x00000000c8400000, 0x00000000c8400000|
| 111|0x00000000c8500000, 0x00000000c8500000, 0x00000000c8600000|  0%| F|  |TS  0|AC  0|TAMS 0x00000000c8500000, 0x00000000c8500000|
| 112|0x00000000c8600000, 0x00000000c8600000, 0x00000000c8700000|  0%| F|  |TS  0|AC  0|TAMS 0x00000000c8600000, 0x00000000c8600000|
| 113|0x00000000c8700000, 0x00000000c8700000, 0x00000000c8800000|  0%| F|  |TS  0|AC  0|TAMS 0x00000000c8700000, 0x00000000c8700000|
| 114|0x00000000c8800000, 0x00000000c8800000, 0x00000000c8900000|  0%| F|  |TS  0|AC  0|TAMS 0x00000000c8800000, 0x00000000c8800000|
| 115|0x00000000c8900000, 0x00000000c8900000, 0x00000000c8a00000|  0%| F|  |TS  0|AC  0|TAMS 0x00000000c8900000, 0x00000000c8900000|
| 116|0x00000000c8a00000, 0x00000000c8a00000, 0x00000000c8b00000|  0%| F|  |TS  0|AC  0|TAMS 0x00000000c8a00000, 0x00000000c8a00000|
| 117|0x00000000c8b00000, 0x00000000c8b00000, 0x00000000c8c00000|  0%| F|  |TS  0|AC  0|TAMS 0x00000000c8b00000, 0x00000000c8b00000|
| 118|0x00000000c8c00000, 0x00000000c8c00000, 0x00000000c8d00000|  0%| F|  |TS  0|AC  0|TAMS 0x00000000c8c00000, 0x00000000c8c00000|
| 119|0x00000000c8d00000, 0x00000000c8d00000, 0x00000000c8e00000|  0%| F|  |TS  0|AC  0|TAMS 0x00000000c8d00000, 0x00000000c8d00000|
| 120|0x00000000c8e00000, 0x00000000c8e00000, 0x00000000c8f00000|  0%| F|  |TS  0|AC  0|TAMS 0x00000000c8e00000, 0x00000000c8e00000|
| 121|0x00000000c8f00000, 0x00000000c8f00000, 0x00000000c9000000|  0%| F|  |TS  0|AC  0|TAMS 0x00000000c8f00000, 0x00000000c8f00000|
| 122|0x00000000c9000000, 0x00000000c9000000, 0x00000000c9100000|  0%| F|  |TS  0|AC  0|TAMS 0x00000000c9000000, 0x00000000c9000000|
| 123|0x00000000c9100000, 0x00000000c9100000, 0x00000000c9200000|  0%| F|  |TS  0|AC  0|TAMS 0x00000000c9100000, 0x00000000c9100000|
| 124|0x00000000c9200000, 0x00000000c9200000, 0x00000000c9300000|  0%| F|  |TS  0|AC  0|TAMS 0x00000000c9200000, 0x00000000c9200000|
| 125|0x00000000c9300000, 0x00000000c9300000, 0x00000000c9400000|  0%| F|  |TS  0|AC  0|TAMS 0x00000000c9300000, 0x00000000c9300000|
| 126|0x00000000c9400000, 0x00000000c9400000, 0x00000000c9500000|  0%| F|  |TS  0|AC  0|TAMS 0x00000000c9400000, 0x00000000c9400000|
| 127|0x00000000c9500000, 0x00000000c9500000, 0x00000000c9600000|  0%| F|  |TS  0|AC  0|TAMS 0x00000000c9500000, 0x00000000c9500000|
| 128|0x00000000c9600000, 0x00000000c9600000, 0x00000000c9700000|  0%| F|  |TS  0|AC  0|TAMS 0x00000000c9600000, 0x00000000c9600000|
| 129|0x00000000c9700000, 0x00000000c9700000, 0x00000000c9800000|  0%| F|  |TS  0|AC  0|TAMS 0x00000000c9700000, 0x00000000c9700000|
| 130|0x00000000c9800000, 0x00000000c9800000, 0x00000000c9900000|  0%| F|  |TS  0|AC  0|TAMS 0x00000000c9800000, 0x00000000c9800000|
| 131|0x00000000c9900000, 0x00000000c9900000, 0x00000000c9a00000|  0%| F|  |TS  0|AC  0|TAMS 0x00000000c9900000, 0x00000000c9900000|
| 132|0x00000000c9a00000, 0x00000000c9a00000, 0x00000000c9b00000|  0%| F|  |TS  0|AC  0|TAMS 0x00000000c9a00000, 0x00000000c9a00000|
| 133|0x00000000c9b00000, 0x00000000c9b00000, 0x00000000c9c00000|  0%| F|  |TS  0|AC  0|TAMS 0x00000000c9b00000, 0x00000000c9b00000|
| 134|0x00000000c9c00000, 0x00000000c9c00000, 0x00000000c9d00000|  0%| F|  |TS  0|AC  0|TAMS 0x00000000c9c00000, 0x00000000c9c00000|
| 135|0x00000000c9d00000, 0x00000000c9d00000, 0x00000000c9e00000|  0%| F|  |TS  0|AC  0|TAMS 0x00000000c9d00000, 0x00000000c9d00000|
| 136|0x00000000c9e00000, 0x00000000c9e00000, 0x00000000c9f00000|  0%| F|  |TS  0|AC  0|TAMS 0x00000000c9e00000, 0x00000000c9e00000|
| 137|0x00000000c9f00000, 0x00000000c9f00000, 0x00000000ca000000|  0%| F|  |TS  0|AC  0|TAMS 0x00000000c9f00000, 0x00000000c9f00000|
| 138|0x00000000ca000000, 0x00000000ca000000, 0x00000000ca100000|  0%| F|  |TS  0|AC  0|TAMS 0x00000000ca000000, 0x00000000ca000000|
| 139|0x00000000ca100000, 0x00000000ca100000, 0x00000000ca200000|  0%| F|  |TS  0|AC  0|TAMS 0x00000000ca100000, 0x00000000ca100000|
| 140|0x00000000ca200000, 0x00000000ca200000, 0x00000000ca300000|  0%| F|  |TS  0|AC  0|TAMS 0x00000000ca200000, 0x00000000ca200000|
| 141|0x00000000ca300000, 0x00000000ca300000, 0x00000000ca400000|  0%| F|  |TS  0|AC  0|TAMS 0x00000000ca300000, 0x00000000ca300000|
| 142|0x00000000ca400000, 0x00000000ca400000, 0x00000000ca500000|  0%| F|  |TS  0|AC  0|TAMS 0x00000000ca400000, 0x00000000ca400000|
| 143|0x00000000ca500000, 0x00000000ca500000, 0x00000000ca600000|  0%| F|  |TS  0|AC  0|TAMS 0x00000000ca500000, 0x00000000ca500000|
| 144|0x00000000ca600000, 0x00000000ca600000, 0x00000000ca700000|  0%| F|  |TS  0|AC  0|TAMS 0x00000000ca600000, 0x00000000ca600000|
| 145|0x00000000ca700000, 0x00000000ca700000, 0x00000000ca800000|  0%| F|  |TS  0|AC  0|TAMS 0x00000000ca700000, 0x00000000ca700000|
| 146|0x00000000ca800000, 0x00000000ca800000, 0x00000000ca900000|  0%| F|  |TS  0|AC  0|TAMS 0x00000000ca800000, 0x00000000ca800000|
| 147|0x00000000ca900000, 0x00000000ca900000, 0x00000000caa00000|  0%| F|  |TS  0|AC  0|TAMS 0x00000000ca900000, 0x00000000ca900000|
| 148|0x00000000caa00000, 0x00000000caa00000, 0x00000000cab00000|  0%| F|  |TS  0|AC  0|TAMS 0x00000000caa00000, 0x00000000caa00000|
| 149|0x00000000cab00000, 0x00000000cab00000, 0x00000000cac00000|  0%| F|  |TS  0|AC  0|TAMS 0x00000000cab00000, 0x00000000cab00000|
| 150|0x00000000cac00000, 0x00000000cac00000, 0x00000000cad00000|  0%| F|  |TS  0|AC  0|TAMS 0x00000000cac00000, 0x00000000cac00000|
| 151|0x00000000cad00000, 0x00000000cad00000, 0x00000000cae00000|  0%| F|  |TS  0|AC  0|TAMS 0x00000000cad00000, 0x00000000cad00000|
| 152|0x00000000cae00000, 0x00000000cae00000, 0x00000000caf00000|  0%| F|  |TS  0|AC  0|TAMS 0x00000000cae00000, 0x00000000cae00000|
| 153|0x00000000caf00000, 0x00000000caf00000, 0x00000000cb000000|  0%| F|  |TS  0|AC  0|TAMS 0x00000000caf00000, 0x00000000caf00000|
| 154|0x00000000cb000000, 0x00000000cb000000, 0x00000000cb100000|  0%| F|  |TS  0|AC  0|TAMS 0x00000000cb000000, 0x00000000cb000000|
| 155|0x00000000cb100000, 0x00000000cb100000, 0x00000000cb200000|  0%| F|  |TS  0|AC  0|TAMS 0x00000000cb100000, 0x00000000cb100000|
| 156|0x00000000cb200000, 0x00000000cb200000, 0x00000000cb300000|  0%| F|  |TS  0|AC  0|TAMS 0x00000000cb200000, 0x00000000cb200000|
| 157|0x00000000cb300000, 0x00000000cb300000, 0x00000000cb400000|  0%| F|  |TS  0|AC  0|TAMS 0x00000000cb300000, 0x00000000cb300000|
| 158|0x00000000cb400000, 0x00000000cb400000, 0x00000000cb500000|  0%| F|  |TS  0|AC  0|TAMS 0x00000000cb400000, 0x00000000cb400000|
| 159|0x00000000cb500000, 0x00000000cb500000, 0x00000000cb600000|  0%| F|  |TS  0|AC  0|TAMS 0x00000000cb500000, 0x00000000cb500000|
| 160|0x00000000cb600000, 0x00000000cb600000, 0x00000000cb700000|  0%| F|  |TS  0|AC  0|TAMS 0x00000000cb600000, 0x00000000cb600000|
| 161|0x00000000cb700000, 0x00000000cb700000, 0x00000000cb800000|  0%| F|  |TS  0|AC  0|TAMS 0x00000000cb700000, 0x00000000cb700000|
| 162|0x00000000cb800000, 0x00000000cb800000, 0x00000000cb900000|  0%| F|  |TS  0|AC  0|TAMS 0x00000000cb800000, 0x00000000cb800000|
| 163|0x00000000cb900000, 0x00000000cb900000, 0x00000000cba00000|  0%| F|  |TS  0|AC  0|TAMS 0x00000000cb900000, 0x00000000cb900000|
| 164|0x00000000cba00000, 0x00000000cba00000, 0x00000000cbb00000|  0%| F|  |TS  0|AC  0|TAMS 0x00000000cba00000, 0x00000000cba00000|
| 165|0x00000000cbb00000, 0x00000000cbb00000, 0x00000000cbc00000|  0%| F|  |TS  0|AC  0|TAMS 0x00000000cbb00000, 0x00000000cbb00000|
| 166|0x00000000cbc00000, 0x00000000cbc00000, 0x00000000cbd00000|  0%| F|  |TS  0|AC  0|TAMS 0x00000000cbc00000, 0x00000000cbc00000|
| 167|0x00000000cbd00000, 0x00000000cbd00000, 0x00000000cbe00000|  0%| F|  |TS  0|AC  0|TAMS 0x00000000cbd00000, 0x00000000cbd00000|
| 168|0x00000000cbe00000, 0x00000000cbe00000, 0x00000000cbf00000|  0%| F|  |TS  0|AC  0|TAMS 0x00000000cbe00000, 0x00000000cbe00000|
| 169|0x00000000cbf00000, 0x00000000cbf00000, 0x00000000cc000000|  0%| F|  |TS  0|AC  0|TAMS 0x00000000cbf00000, 0x00000000cbf00000|
| 170|0x00000000cc000000, 0x00000000cc000000, 0x00000000cc100000|  0%| F|  |TS  0|AC  0|TAMS 0x00000000cc000000, 0x00000000cc000000|
| 171|0x00000000cc100000, 0x00000000cc100000, 0x00000000cc200000|  0%| F|  |TS  0|AC  0|TAMS 0x00000000cc100000, 0x00000000cc100000|
| 172|0x00000000cc200000, 0x00000000cc200000, 0x00000000cc300000|  0%| F|  |TS  0|AC  0|TAMS 0x00000000cc200000, 0x00000000cc200000|
| 173|0x00000000cc300000, 0x00000000cc300000, 0x00000000cc400000|  0%| F|  |TS  0|AC  0|TAMS 0x00000000cc300000, 0x00000000cc300000|
| 174|0x00000000cc400000, 0x00000000cc400000, 0x00000000cc500000|  0%| F|  |TS  0|AC  0|TAMS 0x00000000cc400000, 0x00000000cc400000|
| 175|0x00000000cc500000, 0x00000000cc500000, 0x00000000cc600000|  0%| F|  |TS  0|AC  0|TAMS 0x00000000cc500000, 0x00000000cc500000|
| 176|0x00000000cc600000, 0x00000000cc600000, 0x00000000cc700000|  0%| F|  |TS  0|AC  0|TAMS 0x00000000cc600000, 0x00000000cc600000|
| 177|0x00000000cc700000, 0x00000000cc700000, 0x00000000cc800000|  0%| F|  |TS  0|AC  0|TAMS 0x00000000cc700000, 0x00000000cc700000|
| 178|0x00000000cc800000, 0x00000000cc800000, 0x00000000cc900000|  0%| F|  |TS  0|AC  0|TAMS 0x00000000cc800000, 0x00000000cc800000|
| 179|0x00000000cc900000, 0x00000000cc900000, 0x00000000cca00000|  0%| F|  |TS  0|AC  0|TAMS 0x00000000cc900000, 0x00000000cc900000|
| 180|0x00000000cca00000, 0x00000000cca00000, 0x00000000ccb00000|  0%| F|  |TS  0|AC  0|TAMS 0x00000000cca00000, 0x00000000cca00000|
| 181|0x00000000ccb00000, 0x00000000ccb00000, 0x00000000ccc00000|  0%| F|  |TS  0|AC  0|TAMS 0x00000000ccb00000, 0x00000000ccb00000|
| 182|0x00000000ccc00000, 0x00000000ccc00000, 0x00000000ccd00000|  0%| F|  |TS  0|AC  0|TAMS 0x00000000ccc00000, 0x00000000ccc00000|
| 183|0x00000000ccd00000, 0x00000000ccd00000, 0x00000000cce00000|  0%| F|  |TS  0|AC  0|TAMS 0x00000000ccd00000, 0x00000000ccd00000|
| 184|0x00000000cce00000, 0x00000000cce00000, 0x00000000ccf00000|  0%| F|  |TS  0|AC  0|TAMS 0x00000000cce00000, 0x00000000cce00000|
| 185|0x00000000ccf00000, 0x00000000ccf00000, 0x00000000cd000000|  0%| F|  |TS  0|AC  0|TAMS 0x00000000ccf00000, 0x00000000ccf00000|
| 186|0x00000000cd000000, 0x00000000cd000000, 0x00000000cd100000|  0%| F|  |TS  0|AC  0|TAMS 0x00000000cd000000, 0x00000000cd000000|
| 187|0x00000000cd100000, 0x00000000cd100000, 0x00000000cd200000|  0%| F|  |TS  0|AC  0|TAMS 0x00000000cd100000, 0x00000000cd100000|
| 188|0x00000000cd200000, 0x00000000cd200000, 0x00000000cd300000|  0%| F|  |TS  0|AC  0|TAMS 0x00000000cd200000, 0x00000000cd200000|
| 189|0x00000000cd300000, 0x00000000cd300000, 0x00000000cd400000|  0%| F|  |TS  0|AC  0|TAMS 0x00000000cd300000, 0x00000000cd300000|
| 190|0x00000000cd400000, 0x00000000cd400000, 0x00000000cd500000|  0%| F|  |TS  0|AC  0|TAMS 0x00000000cd400000, 0x00000000cd400000|
| 191|0x00000000cd500000, 0x00000000cd500000, 0x00000000cd600000|  0%| F|  |TS  0|AC  0|TAMS 0x00000000cd500000, 0x00000000cd500000|
| 192|0x00000000cd600000, 0x00000000cd600000, 0x00000000cd700000|  0%| F|  |TS  0|AC  0|TAMS 0x00000000cd600000, 0x00000000cd600000|
| 193|0x00000000cd700000, 0x00000000cd700000, 0x00000000cd800000|  0%| F|  |TS  0|AC  0|TAMS 0x00000000cd700000, 0x00000000cd700000|
| 194|0x00000000cd800000, 0x00000000cd800000, 0x00000000cd900000|  0%| F|  |TS  0|AC  0|TAMS 0x00000000cd800000, 0x00000000cd800000|
| 195|0x00000000cd900000, 0x00000000cd900000, 0x00000000cda00000|  0%| F|  |TS  0|AC  0|TAMS 0x00000000cd900000, 0x00000000cd900000|
| 196|0x00000000cda00000, 0x00000000cda00000, 0x00000000cdb00000|  0%| F|  |TS  0|AC  0|TAMS 0x00000000cda00000, 0x00000000cda00000|
| 197|0x00000000cdb00000, 0x00000000cdb00000, 0x00000000cdc00000|  0%| F|  |TS  0|AC  0|TAMS 0x00000000cdb00000, 0x00000000cdb00000|
| 198|0x00000000cdc00000, 0x00000000cdc00000, 0x00000000cdd00000|  0%| F|  |TS  0|AC  0|TAMS 0x00000000cdc00000, 0x00000000cdc00000|
| 199|0x00000000cdd00000, 0x00000000cdd00000, 0x00000000cde00000|  0%| F|  |TS  0|AC  0|TAMS 0x00000000cdd00000, 0x00000000cdd00000|
| 200|0x00000000cde00000, 0x00000000cde00000, 0x00000000cdf00000|  0%| F|  |TS  0|AC  0|TAMS 0x00000000cde00000, 0x00000000cde00000|
| 201|0x00000000cdf00000, 0x00000000cdf00000, 0x00000000ce000000|  0%| F|  |TS  0|AC  0|TAMS 0x00000000cdf00000, 0x00000000cdf00000|
| 202|0x00000000ce000000, 0x00000000ce000000, 0x00000000ce100000|  0%| F|  |TS  0|AC  0|TAMS 0x00000000ce000000, 0x00000000ce000000|
| 203|0x00000000ce100000, 0x00000000ce100000, 0x00000000ce200000|  0%| F|  |TS  0|AC  0|TAMS 0x00000000ce100000, 0x00000000ce100000|
| 204|0x00000000ce200000, 0x00000000ce200000, 0x00000000ce300000|  0%| F|  |TS  0|AC  0|TAMS 0x00000000ce200000, 0x00000000ce200000|
| 205|0x00000000ce300000, 0x00000000ce300000, 0x00000000ce400000|  0%| F|  |TS  0|AC  0|TAMS 0x00000000ce300000, 0x00000000ce300000|
| 206|0x00000000ce400000, 0x00000000ce400000, 0x00000000ce500000|  0%| F|  |TS  0|AC  0|TAMS 0x00000000ce400000, 0x00000000ce400000|
| 207|0x00000000ce500000, 0x00000000ce500000, 0x00000000ce600000|  0%| F|  |TS  0|AC  0|TAMS 0x00000000ce500000, 0x00000000ce500000|
| 208|0x00000000ce600000, 0x00000000ce600000, 0x00000000ce700000|  0%| F|  |TS  0|AC  0|TAMS 0x00000000ce600000, 0x00000000ce600000|
| 209|0x00000000ce700000, 0x00000000ce700000, 0x00000000ce800000|  0%| F|  |TS  0|AC  0|TAMS 0x00000000ce700000, 0x00000000ce700000|
| 210|0x00000000ce800000, 0x00000000ce800000, 0x00000000ce900000|  0%| F|  |TS  0|AC  0|TAMS 0x00000000ce800000, 0x00000000ce800000|
| 211|0x00000000ce900000, 0x00000000ce900000, 0x00000000cea00000|  0%| F|  |TS  0|AC  0|TAMS 0x00000000ce900000, 0x00000000ce900000|
| 212|0x00000000cea00000, 0x00000000cea00000, 0x00000000ceb00000|  0%| F|  |TS  0|AC  0|TAMS 0x00000000cea00000, 0x00000000cea00000|
| 213|0x00000000ceb00000, 0x00000000ceb00000, 0x00000000cec00000|  0%| F|  |TS  0|AC  0|TAMS 0x00000000ceb00000, 0x00000000ceb00000|
| 214|0x00000000cec00000, 0x00000000cec00000, 0x00000000ced00000|  0%| F|  |TS  0|AC  0|TAMS 0x00000000cec00000, 0x00000000cec00000|
| 215|0x00000000ced00000, 0x00000000ced00000, 0x00000000cee00000|  0%| F|  |TS  0|AC  0|TAMS 0x00000000ced00000, 0x00000000ced00000|
| 216|0x00000000cee00000, 0x00000000cee00000, 0x00000000cef00000|  0%| F|  |TS  0|AC  0|TAMS 0x00000000cee00000, 0x00000000cee00000|
| 217|0x00000000cef00000, 0x00000000cef00000, 0x00000000cf000000|  0%| F|  |TS  0|AC  0|TAMS 0x00000000cef00000, 0x00000000cef00000|
| 218|0x00000000cf000000, 0x00000000cf000000, 0x00000000cf100000|  0%| F|  |TS  0|AC  0|TAMS 0x00000000cf000000, 0x00000000cf000000|
| 219|0x00000000cf100000, 0x00000000cf100000, 0x00000000cf200000|  0%| F|  |TS  0|AC  0|TAMS 0x00000000cf100000, 0x00000000cf100000|
| 220|0x00000000cf200000, 0x00000000cf200000, 0x00000000cf300000|  0%| F|  |TS  0|AC  0|TAMS 0x00000000cf200000, 0x00000000cf200000|
| 221|0x00000000cf300000, 0x00000000cf300000, 0x00000000cf400000|  0%| F|  |TS  0|AC  0|TAMS 0x00000000cf300000, 0x00000000cf300000|
| 222|0x00000000cf400000, 0x00000000cf400000, 0x00000000cf500000|  0%| F|  |TS  0|AC  0|TAMS 0x00000000cf400000, 0x00000000cf400000|
| 223|0x00000000cf500000, 0x00000000cf500000, 0x00000000cf600000|  0%| F|  |TS  0|AC  0|TAMS 0x00000000cf500000, 0x00000000cf500000|
| 224|0x00000000cf600000, 0x00000000cf600000, 0x00000000cf700000|  0%| F|  |TS  0|AC  0|TAMS 0x00000000cf600000, 0x00000000cf600000|
| 225|0x00000000cf700000, 0x00000000cf700000, 0x00000000cf800000|  0%| F|  |TS  0|AC  0|TAMS 0x00000000cf700000, 0x00000000cf700000|
| 226|0x00000000cf800000, 0x00000000cf800000, 0x00000000cf900000|  0%| F|  |TS  0|AC  0|TAMS 0x00000000cf800000, 0x00000000cf800000|
| 227|0x00000000cf900000, 0x00000000cf900000, 0x00000000cfa00000|  0%| F|  |TS  0|AC  0|TAMS 0x00000000cf900000, 0x00000000cf900000|
| 228|0x00000000cfa00000, 0x00000000cfa00000, 0x00000000cfb00000|  0%| F|  |TS  0|AC  0|TAMS 0x00000000cfa00000, 0x00000000cfa00000|
| 229|0x00000000cfb00000, 0x00000000cfb00000, 0x00000000cfc00000|  0%| F|  |TS  0|AC  0|TAMS 0x00000000cfb00000, 0x00000000cfb00000|
| 230|0x00000000cfc00000, 0x00000000cfc00000, 0x00000000cfd00000|  0%| F|  |TS  0|AC  0|TAMS 0x00000000cfc00000, 0x00000000cfc00000|
| 231|0x00000000cfd00000, 0x00000000cfd00000, 0x00000000cfe00000|  0%| F|  |TS  0|AC  0|TAMS 0x00000000cfd00000, 0x00000000cfd00000|
| 232|0x00000000cfe00000, 0x00000000cfe00000, 0x00000000cff00000|  0%| F|  |TS  0|AC  0|TAMS 0x00000000cfe00000, 0x00000000cfe00000|
| 233|0x00000000cff00000, 0x00000000cff00000, 0x00000000d0000000|  0%| F|  |TS  0|AC  0|TAMS 0x00000000cff00000, 0x00000000cff00000|
| 234|0x00000000d0000000, 0x00000000d0000000, 0x00000000d0100000|  0%| F|  |TS  0|AC  0|TAMS 0x00000000d0000000, 0x00000000d0000000|
| 235|0x00000000d0100000, 0x00000000d0100000, 0x00000000d0200000|  0%| F|  |TS  0|AC  0|TAMS 0x00000000d0100000, 0x00000000d0100000|
| 236|0x00000000d0200000, 0x00000000d0200000, 0x00000000d0300000|  0%| F|  |TS  0|AC  0|TAMS 0x00000000d0200000, 0x00000000d0200000|
| 237|0x00000000d0300000, 0x00000000d0300000, 0x00000000d0400000|  0%| F|  |TS  0|AC  0|TAMS 0x00000000d0300000, 0x00000000d0300000|
| 238|0x00000000d0400000, 0x00000000d0400000, 0x00000000d0500000|  0%| F|  |TS  0|AC  0|TAMS 0x00000000d0400000, 0x00000000d0400000|
| 239|0x00000000d0500000, 0x00000000d0500000, 0x00000000d0600000|  0%| F|  |TS  0|AC  0|TAMS 0x00000000d0500000, 0x00000000d0500000|
| 240|0x00000000d0600000, 0x00000000d0600000, 0x00000000d0700000|  0%| F|  |TS  0|AC  0|TAMS 0x00000000d0600000, 0x00000000d0600000|
| 241|0x00000000d0700000, 0x00000000d0700000, 0x00000000d0800000|  0%| F|  |TS  0|AC  0|TAMS 0x00000000d0700000, 0x00000000d0700000|
| 242|0x00000000d0800000, 0x00000000d0800000, 0x00000000d0900000|  0%| F|  |TS  0|AC  0|TAMS 0x00000000d0800000, 0x00000000d0800000|
| 243|0x00000000d0900000, 0x00000000d0900000, 0x00000000d0a00000|  0%| F|  |TS  0|AC  0|TAMS 0x00000000d0900000, 0x00000000d0900000|
| 244|0x00000000d0a00000, 0x00000000d0a00000, 0x00000000d0b00000|  0%| F|  |TS  0|AC  0|TAMS 0x00000000d0a00000, 0x00000000d0a00000|
| 245|0x00000000d0b00000, 0x00000000d0b00000, 0x00000000d0c00000|  0%| F|  |TS  0|AC  0|TAMS 0x00000000d0b00000, 0x00000000d0b00000|
| 246|0x00000000d0c00000, 0x00000000d0c00000, 0x00000000d0d00000|  0%| F|  |TS  0|AC  0|TAMS 0x00000000d0c00000, 0x00000000d0c00000|
| 247|0x00000000d0d00000, 0x00000000d0d00000, 0x00000000d0e00000|  0%| F|  |TS  0|AC  0|TAMS 0x00000000d0d00000, 0x00000000d0d00000|
| 248|0x00000000d0e00000, 0x00000000d0e00000, 0x00000000d0f00000|  0%| F|  |TS  0|AC  0|TAMS 0x00000000d0e00000, 0x00000000d0e00000|
| 249|0x00000000d0f00000, 0x00000000d0f00000, 0x00000000d1000000|  0%| F|  |TS  0|AC  0|TAMS 0x00000000d0f00000, 0x00000000d0f00000|
| 250|0x00000000d1000000, 0x00000000d1000000, 0x00000000d1100000|  0%| F|  |TS  0|AC  0|TAMS 0x00000000d1000000, 0x00000000d1000000|
| 251|0x00000000d1100000, 0x00000000d1100000, 0x00000000d1200000|  0%| F|  |TS  0|AC  0|TAMS 0x00000000d1100000, 0x00000000d1100000|
| 252|0x00000000d1200000, 0x00000000d1200000, 0x00000000d1300000|  0%| F|  |TS  0|AC  0|TAMS 0x00000000d1200000, 0x00000000d1200000|
| 253|0x00000000d1300000, 0x00000000d1300000, 0x00000000d1400000|  0%| F|  |TS  0|AC  0|TAMS 0x00000000d1300000, 0x00000000d1300000|
| 254|0x00000000d1400000, 0x00000000d1400000, 0x00000000d1500000|  0%| F|  |TS  0|AC  0|TAMS 0x00000000d1400000, 0x00000000d1400000|
| 255|0x00000000d1500000, 0x00000000d1500000, 0x00000000d1600000|  0%| F|  |TS  0|AC  0|TAMS 0x00000000d1500000, 0x00000000d1500000|
| 256|0x00000000d1600000, 0x00000000d1600000, 0x00000000d1700000|  0%| F|  |TS  0|AC  0|TAMS 0x00000000d1600000, 0x00000000d1600000|
| 257|0x00000000d1700000, 0x00000000d1700000, 0x00000000d1800000|  0%| F|  |TS  0|AC  0|TAMS 0x00000000d1700000, 0x00000000d1700000|
| 258|0x00000000d1800000, 0x00000000d1800000, 0x00000000d1900000|  0%| F|  |TS  0|AC  0|TAMS 0x00000000d1800000, 0x00000000d1800000|
| 259|0x00000000d1900000, 0x00000000d1900000, 0x00000000d1a00000|  0%| F|  |TS  0|AC  0|TAMS 0x00000000d1900000, 0x00000000d1900000|
| 260|0x00000000d1a00000, 0x00000000d1a00000, 0x00000000d1b00000|  0%| F|  |TS  0|AC  0|TAMS 0x00000000d1a00000, 0x00000000d1a00000|
| 261|0x00000000d1b00000, 0x00000000d1b00000, 0x00000000d1c00000|  0%| F|  |TS  0|AC  0|TAMS 0x00000000d1b00000, 0x00000000d1b00000|
| 262|0x00000000d1c00000, 0x00000000d1c00000, 0x00000000d1d00000|  0%| F|  |TS  0|AC  0|TAMS 0x00000000d1c00000, 0x00000000d1c00000|
| 263|0x00000000d1d00000, 0x00000000d1d00000, 0x00000000d1e00000|  0%| F|  |TS  0|AC  0|TAMS 0x00000000d1d00000, 0x00000000d1d00000|
| 264|0x00000000d1e00000, 0x00000000d1e00000, 0x00000000d1f00000|  0%| F|  |TS  0|AC  0|TAMS 0x00000000d1e00000, 0x00000000d1e00000|
| 265|0x00000000d1f00000, 0x00000000d1f00000, 0x00000000d2000000|  0%| F|  |TS  0|AC  0|TAMS 0x00000000d1f00000, 0x00000000d1f00000|
| 266|0x00000000d2000000, 0x00000000d2000000, 0x00000000d2100000|  0%| F|  |TS  0|AC  0|TAMS 0x00000000d2000000, 0x00000000d2000000|
| 267|0x00000000d2100000, 0x00000000d2100000, 0x00000000d2200000|  0%| F|  |TS  0|AC  0|TAMS 0x00000000d2100000, 0x00000000d2100000|
| 268|0x00000000d2200000, 0x00000000d2200000, 0x00000000d2300000|  0%| F|  |TS  0|AC  0|TAMS 0x00000000d2200000, 0x00000000d2200000|
| 269|0x00000000d2300000, 0x00000000d2300000, 0x00000000d2400000|  0%| F|  |TS  0|AC  0|TAMS 0x00000000d2300000, 0x00000000d2300000|
| 270|0x00000000d2400000, 0x00000000d2400000, 0x00000000d2500000|  0%| F|  |TS  0|AC  0|TAMS 0x00000000d2400000, 0x00000000d2400000|
| 271|0x00000000d2500000, 0x00000000d2500000, 0x00000000d2600000|  0%| F|  |TS  0|AC  0|TAMS 0x00000000d2500000, 0x00000000d2500000|
| 272|0x00000000d2600000, 0x00000000d2600000, 0x00000000d2700000|  0%| F|  |TS  0|AC  0|TAMS 0x00000000d2600000, 0x00000000d2600000|
| 273|0x00000000d2700000, 0x00000000d2700000, 0x00000000d2800000|  0%| F|  |TS  0|AC  0|TAMS 0x00000000d2700000, 0x00000000d2700000|
| 274|0x00000000d2800000, 0x00000000d2800000, 0x00000000d2900000|  0%| F|  |TS  0|AC  0|TAMS 0x00000000d2800000, 0x00000000d2800000|
| 275|0x00000000d2900000, 0x00000000d2900000, 0x00000000d2a00000|  0%| F|  |TS  0|AC  0|TAMS 0x00000000d2900000, 0x00000000d2900000|
| 276|0x00000000d2a00000, 0x00000000d2a00000, 0x00000000d2b00000|  0%| F|  |TS  0|AC  0|TAMS 0x00000000d2a00000, 0x00000000d2a00000|
| 277|0x00000000d2b00000, 0x00000000d2b00000, 0x00000000d2c00000|  0%| F|  |TS  0|AC  0|TAMS 0x00000000d2b00000, 0x00000000d2b00000|
| 278|0x00000000d2c00000, 0x00000000d2c00000, 0x00000000d2d00000|  0%| F|  |TS  0|AC  0|TAMS 0x00000000d2c00000, 0x00000000d2c00000|
| 279|0x00000000d2d00000, 0x00000000d2d00000, 0x00000000d2e00000|  0%| F|  |TS  0|AC  0|TAMS 0x00000000d2d00000, 0x00000000d2d00000|
| 280|0x00000000d2e00000, 0x00000000d2e00000, 0x00000000d2f00000|  0%| F|  |TS  0|AC  0|TAMS 0x00000000d2e00000, 0x00000000d2e00000|
| 281|0x00000000d2f00000, 0x00000000d2f00000, 0x00000000d3000000|  0%| F|  |TS  0|AC  0|TAMS 0x00000000d2f00000, 0x00000000d2f00000|
| 282|0x00000000d3000000, 0x00000000d3000000, 0x00000000d3100000|  0%| F|  |TS  0|AC  0|TAMS 0x00000000d3000000, 0x00000000d3000000|
| 283|0x00000000d3100000, 0x00000000d3100000, 0x00000000d3200000|  0%| F|  |TS  0|AC  0|TAMS 0x00000000d3100000, 0x00000000d3100000|
| 284|0x00000000d3200000, 0x00000000d3200000, 0x00000000d3300000|  0%| F|  |TS  0|AC  0|TAMS 0x00000000d3200000, 0x00000000d3200000|
| 285|0x00000000d3300000, 0x00000000d3300000, 0x00000000d3400000|  0%| F|  |TS  0|AC  0|TAMS 0x00000000d3300000, 0x00000000d3300000|
| 286|0x00000000d3400000, 0x00000000d3400000, 0x00000000d3500000|  0%| F|  |TS  0|AC  0|TAMS 0x00000000d3400000, 0x00000000d3400000|
| 287|0x00000000d3500000, 0x00000000d3500000, 0x00000000d3600000|  0%| F|  |TS  0|AC  0|TAMS 0x00000000d3500000, 0x00000000d3500000|
| 288|0x00000000d3600000, 0x00000000d3600000, 0x00000000d3700000|  0%| F|  |TS  0|AC  0|TAMS 0x00000000d3600000, 0x00000000d3600000|
| 289|0x00000000d3700000, 0x00000000d3700000, 0x00000000d3800000|  0%| F|  |TS  0|AC  0|TAMS 0x00000000d3700000, 0x00000000d3700000|
| 290|0x00000000d3800000, 0x00000000d3800000, 0x00000000d3900000|  0%| F|  |TS  0|AC  0|TAMS 0x00000000d3800000, 0x00000000d3800000|
| 291|0x00000000d3900000, 0x00000000d3900000, 0x00000000d3a00000|  0%| F|  |TS  0|AC  0|TAMS 0x00000000d3900000, 0x00000000d3900000|
| 292|0x00000000d3a00000, 0x00000000d3a00000, 0x00000000d3b00000|  0%| F|  |TS  0|AC  0|TAMS 0x00000000d3a00000, 0x00000000d3a00000|
| 293|0x00000000d3b00000, 0x00000000d3b00000, 0x00000000d3c00000|  0%| F|  |TS  0|AC  0|TAMS 0x00000000d3b00000, 0x00000000d3b00000|
| 294|0x00000000d3c00000, 0x00000000d3c00000, 0x00000000d3d00000|  0%| F|  |TS  0|AC  0|TAMS 0x00000000d3c00000, 0x00000000d3c00000|
| 295|0x00000000d3d00000, 0x00000000d3d00000, 0x00000000d3e00000|  0%| F|  |TS  0|AC  0|TAMS 0x00000000d3d00000, 0x00000000d3d00000|
| 296|0x00000000d3e00000, 0x00000000d3e00000, 0x00000000d3f00000|  0%| F|  |TS  0|AC  0|TAMS 0x00000000d3e00000, 0x00000000d3e00000|
| 297|0x00000000d3f00000, 0x00000000d3f00000, 0x00000000d4000000|  0%| F|  |TS  0|AC  0|TAMS 0x00000000d3f00000, 0x00000000d3f00000|
| 298|0x00000000d4000000, 0x00000000d4000000, 0x00000000d4100000|  0%| F|  |TS  0|AC  0|TAMS 0x00000000d4000000, 0x00000000d4000000|
| 299|0x00000000d4100000, 0x00000000d4100000, 0x00000000d4200000|  0%| F|  |TS  0|AC  0|TAMS 0x00000000d4100000, 0x00000000d4100000|
| 300|0x00000000d4200000, 0x00000000d4200000, 0x00000000d4300000|  0%| F|  |TS  0|AC  0|TAMS 0x00000000d4200000, 0x00000000d4200000|
| 301|0x00000000d4300000, 0x00000000d4300000, 0x00000000d4400000|  0%| F|  |TS  0|AC  0|TAMS 0x00000000d4300000, 0x00000000d4300000|
| 302|0x00000000d4400000, 0x00000000d4400000, 0x00000000d4500000|  0%| F|  |TS  0|AC  0|TAMS 0x00000000d4400000, 0x00000000d4400000|
| 303|0x00000000d4500000, 0x00000000d4500000, 0x00000000d4600000|  0%| F|  |TS  0|AC  0|TAMS 0x00000000d4500000, 0x00000000d4500000|
| 304|0x00000000d4600000, 0x00000000d4600000, 0x00000000d4700000|  0%| F|  |TS  0|AC  0|TAMS 0x00000000d4600000, 0x00000000d4600000|
| 305|0x00000000d4700000, 0x00000000d4700000, 0x00000000d4800000|  0%| F|  |TS  0|AC  0|TAMS 0x00000000d4700000, 0x00000000d4700000|
| 306|0x00000000d4800000, 0x00000000d4800000, 0x00000000d4900000|  0%| F|  |TS  0|AC  0|TAMS 0x00000000d4800000, 0x00000000d4800000|
| 307|0x00000000d4900000, 0x00000000d4900000, 0x00000000d4a00000|  0%| F|  |TS  0|AC  0|TAMS 0x00000000d4900000, 0x00000000d4900000|
| 308|0x00000000d4a00000, 0x00000000d4a00000, 0x00000000d4b00000|  0%| F|  |TS  0|AC  0|TAMS 0x00000000d4a00000, 0x00000000d4a00000|
| 309|0x00000000d4b00000, 0x00000000d4b00000, 0x00000000d4c00000|  0%| F|  |TS  0|AC  0|TAMS 0x00000000d4b00000, 0x00000000d4b00000|
| 310|0x00000000d4c00000, 0x00000000d4c00000, 0x00000000d4d00000|  0%| F|  |TS  0|AC  0|TAMS 0x00000000d4c00000, 0x00000000d4c00000|
| 311|0x00000000d4d00000, 0x00000000d4d00000, 0x00000000d4e00000|  0%| F|  |TS  0|AC  0|TAMS 0x00000000d4d00000, 0x00000000d4d00000|
| 312|0x00000000d4e00000, 0x00000000d4e00000, 0x00000000d4f00000|  0%| F|  |TS  0|AC  0|TAMS 0x00000000d4e00000, 0x00000000d4e00000|
| 313|0x00000000d4f00000, 0x00000000d4f00000, 0x00000000d5000000|  0%| F|  |TS  0|AC  0|TAMS 0x00000000d4f00000, 0x00000000d4f00000|
| 314|0x00000000d5000000, 0x00000000d5000000, 0x00000000d5100000|  0%| F|  |TS  0|AC  0|TAMS 0x00000000d5000000, 0x00000000d5000000|
| 315|0x00000000d5100000, 0x00000000d5100000, 0x00000000d5200000|  0%| F|  |TS  0|AC  0|TAMS 0x00000000d5100000, 0x00000000d5100000|
| 316|0x00000000d5200000, 0x00000000d5200000, 0x00000000d5300000|  0%| F|  |TS  0|AC  0|TAMS 0x00000000d5200000, 0x00000000d5200000|
| 317|0x00000000d5300000, 0x00000000d5300000, 0x00000000d5400000|  0%| F|  |TS  0|AC  0|TAMS 0x00000000d5300000, 0x00000000d5300000|
| 318|0x00000000d5400000, 0x00000000d5400000, 0x00000000d5500000|  0%| F|  |TS  0|AC  0|TAMS 0x00000000d5400000, 0x00000000d5400000|
| 319|0x00000000d5500000, 0x00000000d5500000, 0x00000000d5600000|  0%| F|  |TS  0|AC  0|TAMS 0x00000000d5500000, 0x00000000d5500000|
| 320|0x00000000d5600000, 0x00000000d5600000, 0x00000000d5700000|  0%| F|  |TS  0|AC  0|TAMS 0x00000000d5600000, 0x00000000d5600000|
| 321|0x00000000d5700000, 0x00000000d5700000, 0x00000000d5800000|  0%| F|  |TS  0|AC  0|TAMS 0x00000000d5700000, 0x00000000d5700000|
| 322|0x00000000d5800000, 0x00000000d5800000, 0x00000000d5900000|  0%| F|  |TS  0|AC  0|TAMS 0x00000000d5800000, 0x00000000d5800000|
| 323|0x00000000d5900000, 0x00000000d5900000, 0x00000000d5a00000|  0%| F|  |TS  0|AC  0|TAMS 0x00000000d5900000, 0x00000000d5900000|
| 324|0x00000000d5a00000, 0x00000000d5a00000, 0x00000000d5b00000|  0%| F|  |TS  0|AC  0|TAMS 0x00000000d5a00000, 0x00000000d5a00000|
| 325|0x00000000d5b00000, 0x00000000d5b00000, 0x00000000d5c00000|  0%| F|  |TS  0|AC  0|TAMS 0x00000000d5b00000, 0x00000000d5b00000|
| 326|0x00000000d5c00000, 0x00000000d5c00000, 0x00000000d5d00000|  0%| F|  |TS  0|AC  0|TAMS 0x00000000d5c00000, 0x00000000d5c00000|
| 327|0x00000000d5d00000, 0x00000000d5d00000, 0x00000000d5e00000|  0%| F|  |TS  0|AC  0|TAMS 0x00000000d5d00000, 0x00000000d5d00000|
| 328|0x00000000d5e00000, 0x00000000d5e00000, 0x00000000d5f00000|  0%| F|  |TS  0|AC  0|TAMS 0x00000000d5e00000, 0x00000000d5e00000|
| 329|0x00000000d5f00000, 0x00000000d5f00000, 0x00000000d6000000|  0%| F|  |TS  0|AC  0|TAMS 0x00000000d5f00000, 0x00000000d5f00000|
| 330|0x00000000d6000000, 0x00000000d6000000, 0x00000000d6100000|  0%| F|  |TS  0|AC  0|TAMS 0x00000000d6000000, 0x00000000d6000000|
| 331|0x00000000d6100000, 0x00000000d6100000, 0x00000000d6200000|  0%| F|  |TS  0|AC  0|TAMS 0x00000000d6100000, 0x00000000d6100000|
| 332|0x00000000d6200000, 0x00000000d6200000, 0x00000000d6300000|  0%| F|  |TS  0|AC  0|TAMS 0x00000000d6200000, 0x00000000d6200000|
| 333|0x00000000d6300000, 0x00000000d6300000, 0x00000000d6400000|  0%| F|  |TS  0|AC  0|TAMS 0x00000000d6300000, 0x00000000d6300000|
| 334|0x00000000d6400000, 0x00000000d6400000, 0x00000000d6500000|  0%| F|  |TS  0|AC  0|TAMS 0x00000000d6400000, 0x00000000d6400000|
| 335|0x00000000d6500000, 0x00000000d6500000, 0x00000000d6600000|  0%| F|  |TS  0|AC  0|TAMS 0x00000000d6500000, 0x00000000d6500000|
| 336|0x00000000d6600000, 0x00000000d6600000, 0x00000000d6700000|  0%| F|  |TS  0|AC  0|TAMS 0x00000000d6600000, 0x00000000d6600000|
| 337|0x00000000d6700000, 0x00000000d6700000, 0x00000000d6800000|  0%| F|  |TS  0|AC  0|TAMS 0x00000000d6700000, 0x00000000d6700000|
| 338|0x00000000d6800000, 0x00000000d6800000, 0x00000000d6900000|  0%| F|  |TS  0|AC  0|TAMS 0x00000000d6800000, 0x00000000d6800000|
| 339|0x00000000d6900000, 0x00000000d6900000, 0x00000000d6a00000|  0%| F|  |TS  0|AC  0|TAMS 0x00000000d6900000, 0x00000000d6900000|
| 340|0x00000000d6a00000, 0x00000000d6a00000, 0x00000000d6b00000|  0%| F|  |TS  0|AC  0|TAMS 0x00000000d6a00000, 0x00000000d6a00000|
| 341|0x00000000d6b00000, 0x00000000d6b00000, 0x00000000d6c00000|  0%| F|  |TS  0|AC  0|TAMS 0x00000000d6b00000, 0x00000000d6b00000|
| 342|0x00000000d6c00000, 0x00000000d6c00000, 0x00000000d6d00000|  0%| F|  |TS  0|AC  0|TAMS 0x00000000d6c00000, 0x00000000d6c00000|
| 343|0x00000000d6d00000, 0x00000000d6d00000, 0x00000000d6e00000|  0%| F|  |TS  0|AC  0|TAMS 0x00000000d6d00000, 0x00000000d6d00000|
| 344|0x00000000d6e00000, 0x00000000d6e00000, 0x00000000d6f00000|  0%| F|  |TS  0|AC  0|TAMS 0x00000000d6e00000, 0x00000000d6e00000|
| 345|0x00000000d6f00000, 0x00000000d6f00000, 0x00000000d7000000|  0%| F|  |TS  0|AC  0|TAMS 0x00000000d6f00000, 0x00000000d6f00000|
| 346|0x00000000d7000000, 0x00000000d7000000, 0x00000000d7100000|  0%| F|  |TS  0|AC  0|TAMS 0x00000000d7000000, 0x00000000d7000000|
| 347|0x00000000d7100000, 0x00000000d7100000, 0x00000000d7200000|  0%| F|  |TS  0|AC  0|TAMS 0x00000000d7100000, 0x00000000d7100000|
| 348|0x00000000d7200000, 0x00000000d7200000, 0x00000000d7300000|  0%| F|  |TS  0|AC  0|TAMS 0x00000000d7200000, 0x00000000d7200000|
| 349|0x00000000d7300000, 0x00000000d7300000, 0x00000000d7400000|  0%| F|  |TS  0|AC  0|TAMS 0x00000000d7300000, 0x00000000d7300000|
| 350|0x00000000d7400000, 0x00000000d7400000, 0x00000000d7500000|  0%| F|  |TS  0|AC  0|TAMS 0x00000000d7400000, 0x00000000d7400000|
| 351|0x00000000d7500000, 0x00000000d7500000, 0x00000000d7600000|  0%| F|  |TS  0|AC  0|TAMS 0x00000000d7500000, 0x00000000d7500000|
| 352|0x00000000d7600000, 0x00000000d7600000, 0x00000000d7700000|  0%| F|  |TS  0|AC  0|TAMS 0x00000000d7600000, 0x00000000d7600000|
| 353|0x00000000d7700000, 0x00000000d7700000, 0x00000000d7800000|  0%| F|  |TS  0|AC  0|TAMS 0x00000000d7700000, 0x00000000d7700000|
| 354|0x00000000d7800000, 0x00000000d7800000, 0x00000000d7900000|  0%| F|  |TS  0|AC  0|TAMS 0x00000000d7800000, 0x00000000d7800000|
| 355|0x00000000d7900000, 0x00000000d7900000, 0x00000000d7a00000|  0%| F|  |TS  0|AC  0|TAMS 0x00000000d7900000, 0x00000000d7900000|
| 356|0x00000000d7a00000, 0x00000000d7a00000, 0x00000000d7b00000|  0%| F|  |TS  0|AC  0|TAMS 0x00000000d7a00000, 0x00000000d7a00000|
| 357|0x00000000d7b00000, 0x00000000d7b00000, 0x00000000d7c00000|  0%| F|  |TS  0|AC  0|TAMS 0x00000000d7b00000, 0x00000000d7b00000|
| 358|0x00000000d7c00000, 0x00000000d7c00000, 0x00000000d7d00000|  0%| F|  |TS  0|AC  0|TAMS 0x00000000d7c00000, 0x00000000d7c00000|
| 359|0x00000000d7d00000, 0x00000000d7d00000, 0x00000000d7e00000|  0%| F|  |TS  0|AC  0|TAMS 0x00000000d7d00000, 0x00000000d7d00000|
| 360|0x00000000d7e00000, 0x00000000d7e00000, 0x00000000d7f00000|  0%| F|  |TS  0|AC  0|TAMS 0x00000000d7e00000, 0x00000000d7e00000|
| 361|0x00000000d7f00000, 0x00000000d7f00000, 0x00000000d8000000|  0%| F|  |TS  0|AC  0|TAMS 0x00000000d7f00000, 0x00000000d7f00000|
| 362|0x00000000d8000000, 0x00000000d8000000, 0x00000000d8100000|  0%| F|  |TS  0|AC  0|TAMS 0x00000000d8000000, 0x00000000d8000000|
| 363|0x00000000d8100000, 0x00000000d8100000, 0x00000000d8200000|  0%| F|  |TS  0|AC  0|TAMS 0x00000000d8100000, 0x00000000d8100000|
| 364|0x00000000d8200000, 0x00000000d8200000, 0x00000000d8300000|  0%| F|  |TS  0|AC  0|TAMS 0x00000000d8200000, 0x00000000d8200000|
| 365|0x00000000d8300000, 0x00000000d8300000, 0x00000000d8400000|  0%| F|  |TS  0|AC  0|TAMS 0x00000000d8300000, 0x00000000d8300000|
| 366|0x00000000d8400000, 0x00000000d8400000, 0x00000000d8500000|  0%| F|  |TS  0|AC  0|TAMS 0x00000000d8400000, 0x00000000d8400000|
| 367|0x00000000d8500000, 0x00000000d8500000, 0x00000000d8600000|  0%| F|  |TS  0|AC  0|TAMS 0x00000000d8500000, 0x00000000d8500000|
| 368|0x00000000d8600000, 0x00000000d8600000, 0x00000000d8700000|  0%| F|  |TS  0|AC  0|TAMS 0x00000000d8600000, 0x00000000d8600000|
| 369|0x00000000d8700000, 0x00000000d8700000, 0x00000000d8800000|  0%| F|  |TS  0|AC  0|TAMS 0x00000000d8700000, 0x00000000d8700000|
| 370|0x00000000d8800000, 0x00000000d8800000, 0x00000000d8900000|  0%| F|  |TS  0|AC  0|TAMS 0x00000000d8800000, 0x00000000d8800000|
| 371|0x00000000d8900000, 0x00000000d8900000, 0x00000000d8a00000|  0%| F|  |TS  0|AC  0|TAMS 0x00000000d8900000, 0x00000000d8900000|
| 372|0x00000000d8a00000, 0x00000000d8a00000, 0x00000000d8b00000|  0%| F|  |TS  0|AC  0|TAMS 0x00000000d8a00000, 0x00000000d8a00000|
| 373|0x00000000d8b00000, 0x00000000d8b00000, 0x00000000d8c00000|  0%| F|  |TS  0|AC  0|TAMS 0x00000000d8b00000, 0x00000000d8b00000|
| 374|0x00000000d8c00000, 0x00000000d8c00000, 0x00000000d8d00000|  0%| F|  |TS  0|AC  0|TAMS 0x00000000d8c00000, 0x00000000d8c00000|
| 375|0x00000000d8d00000, 0x00000000d8d00000, 0x00000000d8e00000|  0%| F|  |TS  0|AC  0|TAMS 0x00000000d8d00000, 0x00000000d8d00000|
| 376|0x00000000d8e00000, 0x00000000d8e00000, 0x00000000d8f00000|  0%| F|  |TS  0|AC  0|TAMS 0x00000000d8e00000, 0x00000000d8e00000|
| 377|0x00000000d8f00000, 0x00000000d8f00000, 0x00000000d9000000|  0%| F|  |TS  0|AC  0|TAMS 0x00000000d8f00000, 0x00000000d8f00000|
| 378|0x00000000d9000000, 0x00000000d9000000, 0x00000000d9100000|  0%| F|  |TS  0|AC  0|TAMS 0x00000000d9000000, 0x00000000d9000000|
| 379|0x00000000d9100000, 0x00000000d9100000, 0x00000000d9200000|  0%| F|  |TS  0|AC  0|TAMS 0x00000000d9100000, 0x00000000d9100000|
| 380|0x00000000d9200000, 0x00000000d9200000, 0x00000000d9300000|  0%| F|  |TS  0|AC  0|TAMS 0x00000000d9200000, 0x00000000d9200000|
| 381|0x00000000d9300000, 0x00000000d9300000, 0x00000000d9400000|  0%| F|  |TS  0|AC  0|TAMS 0x00000000d9300000, 0x00000000d9300000|
| 382|0x00000000d9400000, 0x00000000d9400000, 0x00000000d9500000|  0%| F|  |TS  0|AC  0|TAMS 0x00000000d9400000, 0x00000000d9400000|
| 383|0x00000000d9500000, 0x00000000d9500000, 0x00000000d9600000|  0%| F|  |TS  0|AC  0|TAMS 0x00000000d9500000, 0x00000000d9500000|
| 384|0x00000000d9600000, 0x00000000d9600000, 0x00000000d9700000|  0%| F|  |TS  0|AC  0|TAMS 0x00000000d9600000, 0x00000000d9600000|
| 385|0x00000000d9700000, 0x00000000d9700000, 0x00000000d9800000|  0%| F|  |TS  0|AC  0|TAMS 0x00000000d9700000, 0x00000000d9700000|
| 386|0x00000000d9800000, 0x00000000d9800000, 0x00000000d9900000|  0%| F|  |TS  0|AC  0|TAMS 0x00000000d9800000, 0x00000000d9800000|
| 387|0x00000000d9900000, 0x00000000d9900000, 0x00000000d9a00000|  0%| F|  |TS  0|AC  0|TAMS 0x00000000d9900000, 0x00000000d9900000|
| 388|0x00000000d9a00000, 0x00000000d9a00000, 0x00000000d9b00000|  0%| F|  |TS  0|AC  0|TAMS 0x00000000d9a00000, 0x00000000d9a00000|
| 389|0x00000000d9b00000, 0x00000000d9b00000, 0x00000000d9c00000|  0%| F|  |TS  0|AC  0|TAMS 0x00000000d9b00000, 0x00000000d9b00000|
| 390|0x00000000d9c00000, 0x00000000d9c00000, 0x00000000d9d00000|  0%| F|  |TS  0|AC  0|TAMS 0x00000000d9c00000, 0x00000000d9c00000|
| 391|0x00000000d9d00000, 0x00000000d9d00000, 0x00000000d9e00000|  0%| F|  |TS  0|AC  0|TAMS 0x00000000d9d00000, 0x00000000d9d00000|
| 392|0x00000000d9e00000, 0x00000000d9e00000, 0x00000000d9f00000|  0%| F|  |TS  0|AC  0|TAMS 0x00000000d9e00000, 0x00000000d9e00000|
| 393|0x00000000d9f00000, 0x00000000d9f00000, 0x00000000da000000|  0%| F|  |TS  0|AC  0|TAMS 0x00000000d9f00000, 0x00000000d9f00000|
| 394|0x00000000da000000, 0x00000000da000000, 0x00000000da100000|  0%| F|  |TS  0|AC  0|TAMS 0x00000000da000000, 0x00000000da000000|
| 395|0x00000000da100000, 0x00000000da100000, 0x00000000da200000|  0%| F|  |TS  0|AC  0|TAMS 0x00000000da100000, 0x00000000da100000|
| 396|0x00000000da200000, 0x00000000da200000, 0x00000000da300000|  0%| F|  |TS  0|AC  0|TAMS 0x00000000da200000, 0x00000000da200000|
| 397|0x00000000da300000, 0x00000000da300000, 0x00000000da400000|  0%| F|  |TS  0|AC  0|TAMS 0x00000000da300000, 0x00000000da300000|
| 398|0x00000000da400000, 0x00000000da400000, 0x00000000da500000|  0%| F|  |TS  0|AC  0|TAMS 0x00000000da400000, 0x00000000da400000|
| 399|0x00000000da500000, 0x00000000da500000, 0x00000000da600000|  0%| F|  |TS  0|AC  0|TAMS 0x00000000da500000, 0x00000000da500000|
| 400|0x00000000da600000, 0x00000000da600000, 0x00000000da700000|  0%| F|  |TS  0|AC  0|TAMS 0x00000000da600000, 0x00000000da600000|
| 401|0x00000000da700000, 0x00000000da700000, 0x00000000da800000|  0%| F|  |TS  0|AC  0|TAMS 0x00000000da700000, 0x00000000da700000|
| 402|0x00000000da800000, 0x00000000da800000, 0x00000000da900000|  0%| F|  |TS  0|AC  0|TAMS 0x00000000da800000, 0x00000000da800000|
| 403|0x00000000da900000, 0x00000000da900000, 0x00000000daa00000|  0%| F|  |TS  0|AC  0|TAMS 0x00000000da900000, 0x00000000da900000|
| 404|0x00000000daa00000, 0x00000000daa00000, 0x00000000dab00000|  0%| F|  |TS  0|AC  0|TAMS 0x00000000daa00000, 0x00000000daa00000|
| 405|0x00000000dab00000, 0x00000000dab00000, 0x00000000dac00000|  0%| F|  |TS  0|AC  0|TAMS 0x00000000dab00000, 0x00000000dab00000|
| 406|0x00000000dac00000, 0x00000000dac00000, 0x00000000dad00000|  0%| F|  |TS  0|AC  0|TAMS 0x00000000dac00000, 0x00000000dac00000|
| 407|0x00000000dad00000, 0x00000000dad00000, 0x00000000dae00000|  0%| F|  |TS  0|AC  0|TAMS 0x00000000dad00000, 0x00000000dad00000|
| 408|0x00000000dae00000, 0x00000000dae00000, 0x00000000daf00000|  0%| F|  |TS  0|AC  0|TAMS 0x00000000dae00000, 0x00000000dae00000|
| 409|0x00000000daf00000, 0x00000000daf00000, 0x00000000db000000|  0%| F|  |TS  0|AC  0|TAMS 0x00000000daf00000, 0x00000000daf00000|
| 410|0x00000000db000000, 0x00000000db000000, 0x00000000db100000|  0%| F|  |TS  0|AC  0|TAMS 0x00000000db000000, 0x00000000db000000|
| 411|0x00000000db100000, 0x00000000db100000, 0x00000000db200000|  0%| F|  |TS  0|AC  0|TAMS 0x00000000db100000, 0x00000000db100000|
| 412|0x00000000db200000, 0x00000000db27e2e0, 0x00000000db300000| 49%| S|CS|TS  5|AC  0|TAMS 0x00000000db200000, 0x00000000db200000|
| 413|0x00000000db300000, 0x00000000db400000, 0x00000000db400000|100%| S|CS|TS  5|AC  0|TAMS 0x00000000db300000, 0x00000000db300000|
| 414|0x00000000db400000, 0x00000000db500000, 0x00000000db500000|100%| S|CS|TS  5|AC  0|TAMS 0x00000000db400000, 0x00000000db400000|
| 415|0x00000000db500000, 0x00000000db500000, 0x00000000db600000|  0%| F|  |TS  5|AC  0|TAMS 0x00000000db500000, 0x00000000db500000|
| 416|0x00000000db600000, 0x00000000db600000, 0x00000000db700000|  0%| F|  |TS  5|AC  0|TAMS 0x00000000db600000, 0x00000000db600000|
| 417|0x00000000db700000, 0x00000000db700000, 0x00000000db800000|  0%| F|  |TS  5|AC  0|TAMS 0x00000000db700000, 0x00000000db700000|
| 418|0x00000000db800000, 0x00000000db800000, 0x00000000db900000|  0%| F|  |TS  5|AC  0|TAMS 0x00000000db800000, 0x00000000db800000|
| 419|0x00000000db900000, 0x00000000db900000, 0x00000000dba00000|  0%| F|  |TS  5|AC  0|TAMS 0x00000000db900000, 0x00000000db900000|
| 420|0x00000000dba00000, 0x00000000dba00000, 0x00000000dbb00000|  0%| F|  |TS  5|AC  0|TAMS 0x00000000dba00000, 0x00000000dba00000|
| 421|0x00000000dbb00000, 0x00000000dbb00000, 0x00000000dbc00000|  0%| F|  |TS  5|AC  0|TAMS 0x00000000dbb00000, 0x00000000dbb00000|
| 422|0x00000000dbc00000, 0x00000000dbc00000, 0x00000000dbd00000|  0%| F|  |TS  5|AC  0|TAMS 0x00000000dbc00000, 0x00000000dbc00000|
| 423|0x00000000dbd00000, 0x00000000dbd00000, 0x00000000dbe00000|  0%| F|  |TS  5|AC  0|TAMS 0x00000000dbd00000, 0x00000000dbd00000|
| 424|0x00000000dbe00000, 0x00000000dbe00000, 0x00000000dbf00000|  0%| F|  |TS  5|AC  0|TAMS 0x00000000dbe00000, 0x00000000dbe00000|
| 425|0x00000000dbf00000, 0x00000000dbf00000, 0x00000000dc000000|  0%| F|  |TS  5|AC  0|TAMS 0x00000000dbf00000, 0x00000000dbf00000|
| 426|0x00000000dc000000, 0x00000000dc000000, 0x00000000dc100000|  0%| F|  |TS  5|AC  0|TAMS 0x00000000dc000000, 0x00000000dc000000|
| 427|0x00000000dc100000, 0x00000000dc100000, 0x00000000dc200000|  0%| F|  |TS  5|AC  0|TAMS 0x00000000dc100000, 0x00000000dc100000|
| 428|0x00000000dc200000, 0x00000000dc300000, 0x00000000dc300000|100%| E|  |TS  5|AC  0|TAMS 0x00000000dc200000, 0x00000000dc200000|
| 429|0x00000000dc300000, 0x00000000dc400000, 0x00000000dc400000|100%| E|CS|TS  5|AC  0|TAMS 0x00000000dc300000, 0x00000000dc300000|
| 430|0x00000000dc400000, 0x00000000dc500000, 0x00000000dc500000|100%| E|CS|TS  5|AC  0|TAMS 0x00000000dc400000, 0x00000000dc400000|
| 431|0x00000000dc500000, 0x00000000dc600000, 0x00000000dc600000|100%| E|CS|TS  5|AC  0|TAMS 0x00000000dc500000, 0x00000000dc500000|
| 432|0x00000000dc600000, 0x00000000dc700000, 0x00000000dc700000|100%| E|CS|TS  5|AC  0|TAMS 0x00000000dc600000, 0x00000000dc600000|
| 433|0x00000000dc700000, 0x00000000dc800000, 0x00000000dc800000|100%| E|CS|TS  5|AC  0|TAMS 0x00000000dc700000, 0x00000000dc700000|
| 434|0x00000000dc800000, 0x00000000dc900000, 0x00000000dc900000|100%| E|CS|TS  5|AC  0|TAMS 0x00000000dc800000, 0x00000000dc800000|
| 435|0x00000000dc900000, 0x00000000dca00000, 0x00000000dca00000|100%| E|CS|TS  5|AC  0|TAMS 0x00000000dc900000, 0x00000000dc900000|
| 436|0x00000000dca00000, 0x00000000dcb00000, 0x00000000dcb00000|100%| E|CS|TS  5|AC  0|TAMS 0x00000000dca00000, 0x00000000dca00000|
| 437|0x00000000dcb00000, 0x00000000dcc00000, 0x00000000dcc00000|100%| E|CS|TS  5|AC  0|TAMS 0x00000000dcb00000, 0x00000000dcb00000|
| 438|0x00000000dcc00000, 0x00000000dcd00000, 0x00000000dcd00000|100%| E|CS|TS  5|AC  0|TAMS 0x00000000dcc00000, 0x00000000dcc00000|
| 439|0x00000000dcd00000, 0x00000000dce00000, 0x00000000dce00000|100%| E|CS|TS  5|AC  0|TAMS 0x00000000dcd00000, 0x00000000dcd00000|
| 440|0x00000000dce00000, 0x00000000dcf00000, 0x00000000dcf00000|100%| E|CS|TS  5|AC  0|TAMS 0x00000000dce00000, 0x00000000dce00000|
| 441|0x00000000dcf00000, 0x00000000dd000000, 0x00000000dd000000|100%| E|CS|TS  5|AC  0|TAMS 0x00000000dcf00000, 0x00000000dcf00000|
| 442|0x00000000dd000000, 0x00000000dd100000, 0x00000000dd100000|100%| E|CS|TS  5|AC  0|TAMS 0x00000000dd000000, 0x00000000dd000000|
| 443|0x00000000dd100000, 0x00000000dd200000, 0x00000000dd200000|100%| E|CS|TS  5|AC  0|TAMS 0x00000000dd100000, 0x00000000dd100000|
| 444|0x00000000dd200000, 0x00000000dd300000, 0x00000000dd300000|100%| E|CS|TS  5|AC  0|TAMS 0x00000000dd200000, 0x00000000dd200000|
| 445|0x00000000dd300000, 0x00000000dd400000, 0x00000000dd400000|100%| E|CS|TS  5|AC  0|TAMS 0x00000000dd300000, 0x00000000dd300000|
| 446|0x00000000dd400000, 0x00000000dd500000, 0x00000000dd500000|100%| E|CS|TS  5|AC  0|TAMS 0x00000000dd400000, 0x00000000dd400000|
| 447|0x00000000dd500000, 0x00000000dd600000, 0x00000000dd600000|100%| E|CS|TS  5|AC  0|TAMS 0x00000000dd500000, 0x00000000dd500000|
| 448|0x00000000dd600000, 0x00000000dd700000, 0x00000000dd700000|100%| E|CS|TS  5|AC  0|TAMS 0x00000000dd600000, 0x00000000dd600000|
| 449|0x00000000dd700000, 0x00000000dd800000, 0x00000000dd800000|100%| E|CS|TS  5|AC  0|TAMS 0x00000000dd700000, 0x00000000dd700000|

Card table byte_map: [0x000001c5f7f40000,0x000001c5f8140000] byte_map_base: 0x000001c5f7935000

Marking Bits (Prev, Next): (CMBitMap*) 0x000001c5f5cb7350, (CMBitMap*) 0x000001c5f5cb7388
 Prev Bits: [0x000001c5f8340000, 0x000001c5f92e8000)
 Next Bits: [0x000001c5f92f0000, 0x000001c5fa298000)

Polling page: 0x000001c5f5b70000

CodeHeap 'non-profiled nmethods': size=120064Kb used=1407Kb max_used=1407Kb free=118656Kb
 bounds [0x000001c592110000, 0x000001c592380000, 0x000001c599650000]
CodeHeap 'profiled nmethods': size=120000Kb used=5324Kb max_used=5324Kb free=114675Kb
 bounds [0x000001c58abe0000, 0x000001c58b120000, 0x000001c592110000]
CodeHeap 'non-nmethods': size=5696Kb used=1719Kb max_used=1742Kb free=3976Kb
 bounds [0x000001c58a650000, 0x000001c58a8c0000, 0x000001c58abe0000]
 total_blobs=4628 nmethods=2730 adapters=1062
 compilation: enabled

Compilation events (10 events):
Event: 120.587 Thread 0x000001c5fc9de800 2727       3       org.eclipse.swt.widgets.Control::releaseWidget (122 bytes)
Event: 120.592 Thread 0x000001c5fc9de800 nmethod 2727 0x000001c58b110090 code [0x000001c58b110380, 0x000001c58b1117d0]
Event: 120.592 Thread 0x000001c5fc9de800 2728       3       org.eclipse.swt.widgets.Control::unsubclass (32 bytes)
Event: 120.594 Thread 0x000001c5fc9de800 nmethod 2728 0x000001c58b111c10 code [0x000001c58b111de0, 0x000001c58b112100]
Event: 120.594 Thread 0x000001c5fc9de800 2729       3       org.eclipse.swt.widgets.Control::deregister (13 bytes)
Event: 120.594 Thread 0x000001c5fc9de800 nmethod 2729 0x000001c58b112210 code [0x000001c58b1123c0, 0x000001c58b112570]
Event: 120.594 Thread 0x000001c5fc9de800 2730       3       org.eclipse.swt.widgets.Display::removeControl (112 bytes)
Event: 120.596 Thread 0x000001c5fc9de800 nmethod 2730 0x000001c58b112690 code [0x000001c58b112880, 0x000001c58b112df0]
Event: 120.597 Thread 0x000001c5fc9de800 2731       3       org.eclipse.swt.internal.win32.OS::RemoveProp (18 bytes)
Event: 120.597 Thread 0x000001c5fc9de800 nmethod 2731 0x000001c58b112f90 code [0x000001c58b113140, 0x000001c58b1132b0]

GC Heap History (6 events):
Event: 2.532 GC heap before
{Heap before GC invocations=0 (full 0):
 garbage-first heap   total 460800K, used 22528K [0x00000000c1600000, 0x00000000c1700e10, 0x0000000100000000)
  region size 1024K, 22 young (22528K), 0 survivors (0K)
 Metaspace       used 10795K, capacity 11422K, committed 11648K, reserved 1060864K
  class space    used 1018K, capacity 1152K, committed 1152K, reserved 1048576K
}
Event: 2.551 GC heap after
{Heap after GC invocations=1 (full 0):
 garbage-first heap   total 460800K, used 3698K [0x00000000c1600000, 0x00000000c1700e10, 0x0000000100000000)
  region size 1024K, 3 young (3072K), 3 survivors (3072K)
 Metaspace       used 10795K, capacity 11422K, committed 11648K, reserved 1060864K
  class space    used 1018K, capacity 1152K, committed 1152K, reserved 1048576K
}
Event: 4.664 GC heap before
{Heap before GC invocations=1 (full 0):
 garbage-first heap   total 460800K, used 24178K [0x00000000c1600000, 0x00000000c1700e10, 0x0000000100000000)
  region size 1024K, 23 young (23552K), 3 survivors (3072K)
 Metaspace       used 15749K, capacity 16895K, committed 17024K, reserved 1064960K
  class space    used 1377K, capacity 1603K, committed 1664K, reserved 1048576K
}
Event: 4.680 GC heap after
{Heap after GC invocations=2 (full 0):
 garbage-first heap   total 460800K, used 6962K [0x00000000c1600000, 0x00000000c1700e10, 0x0000000100000000)
  region size 1024K, 3 young (3072K), 3 survivors (3072K)
 Metaspace       used 15749K, capacity 16895K, committed 17024K, reserved 1064960K
  class space    used 1377K, capacity 1603K, committed 1664K, reserved 1048576K
}
Event: 36.365 GC heap before
{Heap before GC invocations=2 (full 0):
 garbage-first heap   total 460800K, used 40754K [0x00000000c1600000, 0x00000000c1700e10, 0x0000000100000000)
  region size 1024K, 35 young (35840K), 3 survivors (3072K)
 Metaspace       used 19102K, capacity 20727K, committed 20992K, reserved 1069056K
  class space    used 1735K, capacity 2027K, committed 2048K, reserved 1048576K
}
Event: 36.390 GC heap after
{Heap after GC invocations=3 (full 0):
 garbage-first heap   total 460800K, used 8295K [0x00000000c1600000, 0x00000000c1700e10, 0x0000000100000000)
  region size 1024K, 3 young (3072K), 3 survivors (3072K)
 Metaspace       used 19102K, capacity 20727K, committed 20992K, reserved 1069056K
  class space    used 1735K, capacity 2027K, committed 2048K, reserved 1048576K
}

Deoptimization events (10 events):
Event: 13.528 Thread 0x000001c5f5c52000 Uncommon trap: reason=unstable_if action=reinterpret pc=0x000001c5921dcb48 method=org.lwjgl.system.MemoryAccess$MemoryAccessorUnsafe.memSetLoop(JBI)V @ 20 c2
Event: 13.778 Thread 0x000001c5fd8ae800 Uncommon trap: reason=unstable_if action=reinterpret pc=0x000001c5921edcd4 method=org.eclipse.swt.widgets.Synchronizer.removeFirst()Lorg/eclipse/swt/widgets/RunnableLock; @ 63 c2
Event: 15.730 Thread 0x000001c5fd8ae800 Uncommon trap: reason=bimorphic_or_optimized_type_check action=maybe_recompile pc=0x000001c59220ae98 method=org.eclipse.swt.widgets.Control.windowProc(JIJJ)J @ 1222 c2
Event: 15.842 Thread 0x000001c5fd8ae800 Uncommon trap: reason=bimorphic_or_optimized_type_check action=maybe_recompile pc=0x000001c59220aeb8 method=org.eclipse.swt.widgets.Control.windowProc(JIJJ)J @ 1235 c2
Event: 16.381 Thread 0x000001c5fd8ae800 Uncommon trap: reason=class_check action=maybe_recompile pc=0x000001c59220b0b0 method=org.eclipse.swt.widgets.Control.windowProc(JIJJ)J @ 1001 c2
Event: 17.010 Thread 0x000001c5fd8ae800 Uncommon trap: reason=class_check action=maybe_recompile pc=0x000001c59220b0b0 method=org.eclipse.swt.widgets.Control.windowProc(JIJJ)J @ 1001 c2
Event: 18.205 Thread 0x000001c5fd8ae800 Uncommon trap: reason=bimorphic_or_optimized_type_check action=maybe_recompile pc=0x000001c59220ae98 method=org.eclipse.swt.widgets.Control.windowProc(JIJJ)J @ 1222 c2
Event: 18.295 Thread 0x000001c5fd8ae800 Uncommon trap: reason=bimorphic_or_optimized_type_check action=maybe_recompile pc=0x000001c59220aeb8 method=org.eclipse.swt.widgets.Control.windowProc(JIJJ)J @ 1235 c2
Event: 33.632 Thread 0x000001c5fd8ae800 Uncommon trap: reason=unstable_if action=reinterpret pc=0x000001c592216d4c method=org.eclipse.swt.widgets.Display.runDeferredEvents()Z @ 80 c2
Event: 66.259 Thread 0x000001c5fd8ae800 Uncommon trap: reason=unstable_if action=reinterpret pc=0x000001c592218b18 method=org.eclipse.swt.widgets.Display.foregroundIdleProc(JJJ)J @ 82 c2

Classes redefined (0 events):
No events

Internal exceptions (10 events):
Event: 78.750 Thread 0x000001c5fd8ae800 Exception <a 'java/lang/NullPointerException'{0x00000000dcdb1cd0}> (0x00000000dcdb1cd0) thrown at [t:/workspace/hotspot/src/share/vm/interpreter/linkResolver.cpp, line 1399]
Event: 78.811 Thread 0x000001c5fd8ae800 Exception <a 'java/lang/NullPointerException'{0x00000000dcdb2888}> (0x00000000dcdb2888) thrown at [t:/workspace/hotspot/src/share/vm/interpreter/linkResolver.cpp, line 1399]
Event: 83.292 Thread 0x000001c5fd8ae800 Exception <a 'java/lang/NullPointerException'{0x00000000dcdde5e8}> (0x00000000dcdde5e8) thrown at [t:/workspace/hotspot/src/share/vm/interpreter/linkResolver.cpp, line 1399]
Event: 83.392 Thread 0x000001c5fd8ae800 Exception <a 'java/lang/NullPointerException'{0x00000000dcddf0c0}> (0x00000000dcddf0c0) thrown at [t:/workspace/hotspot/src/share/vm/interpreter/linkResolver.cpp, line 1399]
Event: 89.524 Thread 0x000001c5fd8ae800 Exception <a 'java/lang/NullPointerException'{0x00000000dc915718}> (0x00000000dc915718) thrown at [t:/workspace/hotspot/src/share/vm/interpreter/linkResolver.cpp, line 1399]
Event: 89.633 Thread 0x000001c5fd8ae800 Exception <a 'java/lang/NullPointerException'{0x00000000dc916270}> (0x00000000dc916270) thrown at [t:/workspace/hotspot/src/share/vm/interpreter/linkResolver.cpp, line 1399]
Event: 94.915 Thread 0x000001c5fd8ae800 Exception <a 'java/lang/NullPointerException'{0x00000000dc93e530}> (0x00000000dc93e530) thrown at [t:/workspace/hotspot/src/share/vm/interpreter/linkResolver.cpp, line 1399]
Event: 95.035 Thread 0x000001c5fd8ae800 Exception <a 'java/lang/NullPointerException'{0x00000000dc93f150}> (0x00000000dc93f150) thrown at [t:/workspace/hotspot/src/share/vm/interpreter/linkResolver.cpp, line 1399]
Event: 112.645 Thread 0x000001c5fd8ae800 Exception <a 'java/lang/NullPointerException'{0x00000000dc557040}> (0x00000000dc557040) thrown at [t:/workspace/hotspot/src/share/vm/interpreter/linkResolver.cpp, line 1399]
Event: 112.731 Thread 0x000001c5fd8ae800 Exception <a 'java/lang/NullPointerException'{0x00000000dc557c98}> (0x00000000dc557c98) thrown at [t:/workspace/hotspot/src/share/vm/interpreter/linkResolver.cpp, line 1399]

Events (10 events):
Event: 36.396 Executing VM operation: RevokeBias done
Event: 36.396 Executing VM operation: RevokeBias
Event: 36.396 Executing VM operation: RevokeBias done
Event: 36.396 Executing VM operation: RevokeBias
Event: 36.396 Executing VM operation: RevokeBias done
Event: 66.259 Thread 0x000001c5fd8ae800 Uncommon trap: trap_request=0xffffff5d fr.pc=0x000001c592218b18 relative=0x00000000000003b8
Event: 66.259 Thread 0x000001c5fd8ae800 DEOPT PACKING pc=0x000001c592218b18 sp=0x000000469b0fe9d0
Event: 66.259 Thread 0x000001c5fd8ae800 DEOPT UNPACKING pc=0x000001c58a69df29 sp=0x000000469b0fe9b0 mode 2
Event: 82.619 Thread 0x000001c5fd8ae800 DEOPT PACKING pc=0x000001c58b0e25fc sp=0x000000469b0ff320
Event: 82.619 Thread 0x000001c5fd8ae800 DEOPT UNPACKING pc=0x000001c58a69dd3f sp=0x000000469b0fe8e0 mode 0


Dynamic libraries:
0x00007ff7477b0000 - 0x00007ff7477ee000 	C:\Program Files\Java\jdk-9.0.1\bin\java.exe
0x00007ffa3b6d0000 - 0x00007ffa3b8a2000 	C:\WINDOWS\SYSTEM32\ntdll.dll
0x00007ffa3b5c0000 - 0x00007ffa3b66c000 	C:\WINDOWS\System32\KERNEL32.DLL
0x00007ffa38640000 - 0x00007ffa3885d000 	C:\WINDOWS\System32\KERNELBASE.dll
0x00007ffa3b470000 - 0x00007ffa3b512000 	C:\WINDOWS\System32\ADVAPI32.dll
0x00007ffa3b520000 - 0x00007ffa3b5be000 	C:\WINDOWS\System32\msvcrt.dll
0x00007ffa3b670000 - 0x00007ffa3b6c9000 	C:\WINDOWS\System32\sechost.dll
0x00007ffa3b340000 - 0x00007ffa3b461000 	C:\WINDOWS\System32\RPCRT4.dll
0x00007ffa3ad20000 - 0x00007ffa3ae85000 	C:\WINDOWS\System32\USER32.dll
0x00007ffa38a90000 - 0x00007ffa38aae000 	C:\WINDOWS\System32\win32u.dll
0x00007ffa38c60000 - 0x00007ffa38c94000 	C:\WINDOWS\System32\GDI32.dll
0x00007ffa38860000 - 0x00007ffa389e0000 	C:\WINDOWS\System32\gdi32full.dll
0x00007ffa29b80000 - 0x00007ffa29dfa000 	C:\WINDOWS\WinSxS\amd64_microsoft.windows.common-controls_6595b64144ccf1df_6.0.14393.953_none_42151e83c686086b\COMCTL32.dll
0x00007ffa390b0000 - 0x00007ffa39378000 	C:\WINDOWS\System32\combase.dll
0x00007ffa38b60000 - 0x00007ffa38c55000 	C:\WINDOWS\System32\ucrtbase.dll
0x00007ffa37bd0000 - 0x00007ffa37c3a000 	C:\WINDOWS\System32\bcryptPrimitives.dll
0x00007ffa2a910000 - 0x00007ffa2a91a000 	C:\WINDOWS\SYSTEM32\VERSION.dll
0x00007ffa38d10000 - 0x00007ffa38d3e000 	C:\WINDOWS\System32\IMM32.DLL
0x00007ffa2c490000 - 0x00007ffa2c57f000 	C:\Program Files\Java\jdk-9.0.1\bin\msvcr120.dll
0x00007ffa24780000 - 0x00007ffa24826000 	C:\Program Files\Java\jdk-9.0.1\bin\msvcp120.dll
0x0000000057f70000 - 0x0000000058994000 	C:\Program Files\Java\jdk-9.0.1\bin\server\jvm.dll
0x00007ffa38ca0000 - 0x00007ffa38ca8000 	C:\WINDOWS\System32\PSAPI.DLL
0x00007ffa36080000 - 0x00007ffa360a3000 	C:\WINDOWS\SYSTEM32\WINMM.dll
0x00007ffa28ad0000 - 0x00007ffa28ad9000 	C:\WINDOWS\SYSTEM32\WSOCK32.dll
0x00007ffa39480000 - 0x00007ffa394ea000 	C:\WINDOWS\System32\WS2_32.dll
0x00007ffa36020000 - 0x00007ffa3604b000 	C:\WINDOWS\SYSTEM32\WINMMBASE.dll
0x00007ffa38a40000 - 0x00007ffa38a82000 	C:\WINDOWS\System32\cfgmgr32.dll
0x00007ffa34ab0000 - 0x00007ffa34abf000 	C:\Program Files\Java\jdk-9.0.1\bin\verify.dll
0x00007ffa30a10000 - 0x00007ffa30a37000 	C:\Program Files\Java\jdk-9.0.1\bin\java.dll
0x00007ffa314c0000 - 0x00007ffa314d6000 	C:\Program Files\Java\jdk-9.0.1\bin\zip.dll
0x00007ffa34a50000 - 0x00007ffa34a5a000 	C:\Program Files\Java\jdk-9.0.1\bin\jimage.dll
0x00007ffa39810000 - 0x00007ffa3ad18000 	C:\WINDOWS\System32\SHELL32.dll
0x00007ffa37f60000 - 0x00007ffa38638000 	C:\WINDOWS\System32\windows.storage.dll
0x00007ffa37b70000 - 0x00007ffa37bbc000 	C:\WINDOWS\System32\powrprof.dll
0x00007ffa3b2e0000 - 0x00007ffa3b332000 	C:\WINDOWS\System32\shlwapi.dll
0x00007ffa37b60000 - 0x00007ffa37b6f000 	C:\WINDOWS\System32\kernel.appcore.dll
0x00007ffa38ab0000 - 0x00007ffa38b59000 	C:\WINDOWS\System32\shcore.dll
0x00007ffa37b40000 - 0x00007ffa37b54000 	C:\WINDOWS\System32\profapi.dll
0x00007ffa30cb0000 - 0x00007ffa30cca000 	C:\Program Files\Java\jdk-9.0.1\bin\net.dll
0x00007ffa32a50000 - 0x00007ffa32b1d000 	C:\WINDOWS\SYSTEM32\WINHTTP.dll
0x00007ffa37410000 - 0x00007ffa3746c000 	C:\WINDOWS\system32\mswsock.dll
0x00007ffa2e3e0000 - 0x00007ffa2e3f1000 	C:\Program Files\Java\jdk-9.0.1\bin\nio.dll
0x0000000010000000 - 0x00000000100a7000 	C:\Users\Javier\.swt\lib\win32\x86_64\swt-win32-4757.dll
0x00007ffa394f0000 - 0x00007ffa39628000 	C:\WINDOWS\System32\ole32.dll
0x00007ffa39630000 - 0x00007ffa396ef000 	C:\WINDOWS\System32\OLEAUT32.dll
0x00007ffa37ec0000 - 0x00007ffa37f5c000 	C:\WINDOWS\System32\msvcp_win.dll
0x00007ffa396f0000 - 0x00007ffa397ea000 	C:\WINDOWS\System32\comdlg32.dll
0x00007ffa37cf0000 - 0x00007ffa37eb9000 	C:\WINDOWS\System32\CRYPT32.dll
0x00007ffa37bc0000 - 0x00007ffa37bd0000 	C:\WINDOWS\System32\MSASN1.dll
0x00007ffa305a0000 - 0x00007ffa30626000 	C:\WINDOWS\SYSTEM32\WINSPOOL.DRV
0x00007ffa2ce50000 - 0x00007ffa2ce69000 	C:\WINDOWS\SYSTEM32\USP10.dll
0x00007ffa23960000 - 0x00007ffa23c2a000 	C:\WINDOWS\SYSTEM32\WININET.dll
0x00007ffa37a80000 - 0x00007ffa37aab000 	C:\WINDOWS\SYSTEM32\bcrypt.dll
0x00007ffa36380000 - 0x00007ffa36415000 	C:\WINDOWS\system32\uxtheme.dll
0x00007ffa38d40000 - 0x00007ffa38e9a000 	C:\WINDOWS\System32\MSCTF.dll
0x00007ffa25eb0000 - 0x00007ffa25f48000 	C:\Program Files\Common Files\microsoft shared\ink\tiptsf.dll
0x00007ffa35d20000 - 0x00007ffa35d46000 	C:\WINDOWS\system32\dwmapi.dll
0x00007ffa39380000 - 0x00007ffa3941f000 	C:\WINDOWS\System32\clbcatq.dll
0x00007ffa1d730000 - 0x00007ffa1d779000 	C:\WINDOWS\system32\dataexchange.dll
0x00007ffa34220000 - 0x00007ffa344d6000 	C:\WINDOWS\system32\d3d11.dll
0x00007ffa35ae0000 - 0x00007ffa35c31000 	C:\WINDOWS\system32\dcomp.dll
0x00007ffa36be0000 - 0x00007ffa36c7f000 	C:\WINDOWS\system32\dxgi.dll
0x00007ffa366e0000 - 0x00007ffa367fc000 	C:\WINDOWS\system32\twinapi.appcore.dll
0x00007ffa2c5c0000 - 0x00007ffa2c619000 	C:\Users\Javier\AppData\Local\Temp\lwjglJavier\3.1.5-build-1\lwjgl.dll
0x00007ffa240d0000 - 0x00007ffa241f3000 	C:\WINDOWS\SYSTEM32\OPENGL32.DLL
0x00007ffa2e3b0000 - 0x00007ffa2e3dd000 	C:\WINDOWS\SYSTEM32\GLU32.dll
0x00007ffa23490000 - 0x00007ffa23587000 	C:\WINDOWS\SYSTEM32\DDRAW.dll
0x00007ffa328d0000 - 0x00007ffa328d8000 	C:\WINDOWS\SYSTEM32\DCIMAN32.dll
0x00007ffa0ed20000 - 0x00007ffa0f868000 	C:\WINDOWS\SYSTEM32\ig75icd64.dll
0x00007ffa31c90000 - 0x00007ffa326d0000 	C:\WINDOWS\SYSTEM32\igdusc64.dll
0x00007ffa35800000 - 0x00007ffa35813000 	C:\WINDOWS\SYSTEM32\WTSAPI32.dll
0x00007ffa20950000 - 0x00007ffa209af000 	C:\Users\Javier\AppData\Local\Temp\lwjglJavier\3.1.5-build-1\lwjgl_opengl.dll
0x00007ffa1ca90000 - 0x00007ffa1cb0d000 	C:\Users\Javier\AppData\Local\Temp\lwjglJavier\3.1.5-build-1\lwjgl_stb.dll
0x00007ffa19700000 - 0x00007ffa197ed000 	C:\Users\Javier\AppData\Local\Temp\lwjglJavier\3.1.5-build-1\OpenAL.dll
0x00007ffa30380000 - 0x00007ffa303f1000 	C:\WINDOWS\System32\MMDevApi.dll
0x00007ffa36880000 - 0x00007ffa368a8000 	C:\WINDOWS\System32\DEVOBJ.dll
0x00007ffa35950000 - 0x00007ffa35ad5000 	C:\WINDOWS\System32\PROPSYS.dll
0x00007ffa23130000 - 0x00007ffa231c4000 	C:\WINDOWS\SYSTEM32\AUDIOSES.DLL
0x00007ffa344e0000 - 0x00007ffa34616000 	C:\WINDOWS\SYSTEM32\wintypes.dll
0x00007ffa25390000 - 0x00007ffa2553a000 	C:\Windows\System32\uiautomationcore.dll
0x00007ffa37290000 - 0x00007ffa372af000 	C:\Windows\System32\USERENV.dll
0x00007ffa37980000 - 0x00007ffa37a18000 	C:\WINDOWS\SYSTEM32\sxs.dll
0x00007ffa25e40000 - 0x00007ffa25ea5000 	C:\Windows\System32\OLEACC.dll
0x00007ffa13690000 - 0x00007ffa13829000 	C:\Program Files\Java\jdk-9.0.1\bin\awt.dll
0x00007ffa315c0000 - 0x00007ffa31b1f000 	C:\WINDOWS\SYSTEM32\d2d1.dll
0x00007ffa361a0000 - 0x00007ffa3621a000 	C:\WINDOWS\SYSTEM32\apphelp.dll
0x00007ffa375b0000 - 0x00007ffa375c7000 	C:\WINDOWS\SYSTEM32\CRYPTSP.dll
0x00007ffa37010000 - 0x00007ffa37043000 	C:\WINDOWS\system32\rsaenh.dll
0x00007ffa375d0000 - 0x00007ffa375db000 	C:\WINDOWS\SYSTEM32\CRYPTBASE.dll
0x00007ffa37190000 - 0x00007ffa371c8000 	C:\WINDOWS\SYSTEM32\IPHLPAPI.DLL
0x00007ffa39800000 - 0x00007ffa39808000 	C:\WINDOWS\System32\NSI.dll
0x00007ffa2e280000 - 0x00007ffa2e296000 	C:\WINDOWS\SYSTEM32\dhcpcsvc6.DLL
0x00007ffa2eb50000 - 0x00007ffa2eb6a000 	C:\WINDOWS\SYSTEM32\dhcpcsvc.DLL
0x00007ffa2ac90000 - 0x00007ffa2af35000 	C:\WINDOWS\SYSTEM32\iertutil.dll
0x00007ffa34b60000 - 0x00007ffa34cf2000 	C:\WINDOWS\SYSTEM32\dbghelp.dll

VM Arguments:
jvm_args: -Dfile.encoding=UTF-8 -Xms450m --module-path=C:\lib\lwjgl\lib\lwjgl-assimp.jar;C:\lib\lwjgl\lib\lwjgl-egl.jar;C:\lib\lwjgl\lib\lwjgl-glfw.jar;C:\lib\lwjgl\lib\lwjgl-jawt.jar;C:\lib\lwjgl\lib\lwjgl-jemalloc.jar;C:\lib\lwjgl\lib\lwjgl-nfd.jar;C:\lib\lwjgl\lib\lwjgl-openal.jar;C:\lib\lwjgl\lib\lwjgl-opencl.jar;C:\lib\lwjgl\lib\lwjgl-opengl.jar;C:\lib\lwjgl\lib\lwjgl-openvr.jar;C:\lib\lwjgl\lib\lwjgl-par.jar;C:\lib\lwjgl\lib\lwjgl-remotery.jar;C:\lib\lwjgl\lib\lwjgl-rpmalloc.jar;C:\lib\lwjgl\lib\lwjgl-stb.jar;C:\lib\lwjgl\lib\lwjgl-tootle.jar;C:\lib\lwjgl\lib\lwjgl-vulkan.jar;C:\lib\lwjgl\lib\lwjgl-xxhash.jar;C:\lib\lwjgl\lib\lwjgl.jar;C:\lib\lwjgl\lib\lwjglx-debug-1.0.0.jar;C:\lib\lwjgl\lib\steamworks4j-1.6.2.jar;C:\lib\lwjgl\lib\native\linux\lwjgl-assimp-natives-linux.jar;C:\lib\lwjgl\lib\native\linux\lwjgl-glfw-natives-linux.jar;C:\lib\lwjgl\lib\native\linux\lwjgl-natives-linux.jar;C:\lib\lwjgl\lib\native\linux\lwjgl-nfd-natives-linux.jar;C:\lib\lwjgl\lib\native\linux\lwjgl-nuklear-natives-linux.jar;C:\lib\lwjgl\lib\native\linux\lwjgl-openal-natives-linux.jar;C:\lib\lwjgl\lib\native\linux\lwjgl-sse-natives-linux.jar;C:\lib\lwjgl\lib\native\linux\lwjgl-tinyfd-natives-linux.jar;C:\lib\lwjgl\lib\native\linux\lwjgl-xxhash-natives-linux.jar;C:\lib\lwjgl\lib\native\osx\lwjgl-assimp-natives-macos.jar;C:\lib\lwjgl\lib\native\osx\lwjgl-glfw-natives-macos.jar;C:\lib\lwjgl\lib\native\osx\lwjgl-natives-macos.jar;C:\lib\lwjgl\lib\native\osx\lwjgl-nfd-natives-macos.jar;C:\lib\lwjgl\lib\native\osx\lwjgl-nuklear-natives-macos.jar;C:\lib\lwjgl\lib\native\osx\lwjgl-openal-natives-macos.jar;C:\lib\lwjgl\lib\native\osx\lwjgl-sse-natives-macos.jar;C:\lib\lwjgl\lib\native\osx\lwjgl-stb-natives-macos.jar;C:\lib\lwjgl\lib\native\osx\lwjgl-tinyfd-natives-macos.jar;C:\lib\lwjgl\lib\native\osx\lwjgl-xxhash-natives-macos.jar;C:\lib\lwjgl\lib\native\windows\lwjgl-assimp-natives-windows.jar;C:\lib\lwjgl\lib\native\windows\lwjgl-glfw-natives-windows.jar;C:\lib\lwjgl\lib\native\windows\lwjgl-jemalloc-natives-windows.jar;C:\lib\-Djdk.module.main=WorldEditor 
java_command: WorldEditor/worldeditor.WorldEditor
java_class_path (initial): C:\Users\Javier\Documents\NetBeansProjects\WorldEditor\WorldEditor\build\classes;C:\Users\Javier\AppData\Roaming\NetBeans\dev\kotlinc\lib\kotlin-runtime.jar
Launcher Type: SUN_STANDARD

Logging:
Log output configuration:
#0: stdout all=warning uptime,level,tags
#1: stderr all=off uptime,level,tags

Environment Variables:
PATH=C:\WINDOWS\system32;C:\WINDOWS;C:\WINDOWS\System32\Wbem;C:\WINDOWS\System32\WindowsPowerShell\v1.0\;C:\Program Files\Java\jdk-9.0.1\bin\;C:\ProgramData\Oracle\Java\javapath;C:\Program Files\Microsoft SQL Server\110\Tools\Binn\;C:\Program Files (x86)\Microsoft SDKs\TypeScript\1.0\;C:\Program Files (x86)\Windows Kits\8.1\Windows Performance Toolkit\;C:\Program Files\Git\cmd;C:\Program Files (x86)\Gource\cmd;C:\Program Files (x86)\Skype\Phone\;C:\Program Files\PROS\cli;%PROS_TOOLCHAIN%\bin;C:\Users\Javier\.dnx\bin;C:\Program Files\Microsoft DNX\Dnvm\;C:\Program Files\Microsoft SQL Server\130\Tools\Binn\;C:\Program Files\PrimeSense\NITE\bin64;C:\Program Files\FFMpeg\bin;C:\Program Files\Java\jdk-9.0.1\bin\;C:\Users\Javier\AppData\Local\Programs\Python\Python36\Scripts\;C:\Users\Javier\AppData\Local\Programs\Python\Python36\;C:\Program Files (x86)\Microsoft VS Code\bin;C:\Users\Javier\AppData\Local\Microsoft\WindowsApps;C:\Program Files (x86)\Nmap;C:\Users\Javier\AppData\Local\atom\bin;C:\Program Files (x86)\PROS for Atom\llvm\bin\;C:\Program Files (x86)\PROS\cli\;C:\Program Files (x86)\PROS\toolchain\\bin
USERNAME=Javier
OS=Windows_NT
PROCESSOR_IDENTIFIER=Intel64 Family 6 Model 69 Stepping 1, GenuineIntel



---------------  S Y S T E M  ---------------

OS: Windows 10 , 64 bit Build 14393 (10.0.14393.1198)

CPU:total 4 (initial active 4) (2 cores per cpu, 2 threads per core) family 6 model 69 stepping 1, cmov, cx8, fxsr, mmx, sse, sse2, sse3, ssse3, sse4.1, sse4.2, popcnt, avx, avx2, aes, clmul, erms, lzcnt, ht, tsc, tscinvbit, bmi1, bmi2, fma

Memory: 4k page, physical 4097096k(665756k free), swap 10403848k(1442172k free)

vm_info: Java HotSpot(TM) 64-Bit Server VM (9.0.1+11) for windows-amd64 JRE (9.0.1+11), built on Sep 28 2017 04:54:03 by "mach5one" with MS VC++ 12.0 (VS2013)

END.
